<?xml version="1.0" encoding="UTF-8"?>
<testsuite xmlns:xsi="http://www.w3.org/2001/XMLSchema-instance" xsi:noNamespaceSchemaLocation="https://maven.apache.org/surefire/maven-surefire-plugin/xsd/surefire-test-report.xsd" name="hello.GreetingControllerTests" time="66.905" tests="2" errors="2" skipped="0" failures="0">
  <properties>
[...]
</properties>
  <testcase name="noParamGreetingShouldReturnDefaultMessage" classname="hello.GreetingControllerTests" time="0.002">
    <error message="Failed to load ApplicationContext" type="java.lang.IllegalStateException">java.lang.IllegalStateException: Failed to load ApplicationContext
Caused by: java.lang.IllegalStateException: Failed to execute CommandLineRunner
Caused by: org.springframework.dao.DataAccessResourceFailureException: Timed out after 30000 ms while waiting to connect. Client view of cluster state is {type=UNKNOWN, servers=[{address=localhost:27017, type=UNKNOWN, state=CONNECTING, exception={com.mongodb.MongoSocketOpenException: Exception opening socket}, caused by {java.net.ConnectException: Connection refused: connect}}]; nested exception is com.mongodb.MongoTimeoutException: Timed out after 30000 ms while waiting to connect. Client view of cluster state is {type=UNKNOWN, servers=[{address=localhost:27017, type=UNKNOWN, state=CONNECTING, exception={com.mongodb.MongoSocketOpenException: Exception opening socket}, caused by {java.net.ConnectException: Connection refused: connect}}]
Caused by: com.mongodb.MongoTimeoutException: Timed out after 30000 ms while waiting to connect. Client view of cluster state is {type=UNKNOWN, servers=[{address=localhost:27017, type=UNKNOWN, state=CONNECTING, exception={com.mongodb.MongoSocketOpenException: Exception opening socket}, caused by {java.net.ConnectException: Connection refused: connect}}]
</error>
    <system-out><![CDATA[17:46:24.808 [main] DEBUG org.springframework.test.context.junit4.SpringJUnit4ClassRunner - SpringJUnit4ClassRunner constructor called with [class hello.GreetingControllerTests]
17:46:24.816 [main] DEBUG org.springframework.test.context.BootstrapUtils - Instantiating CacheAwareContextLoaderDelegate from class [org.springframework.test.context.cache.DefaultCacheAwareContextLoaderDelegate]
17:46:24.824 [main] DEBUG org.springframework.test.context.BootstrapUtils - Instantiating BootstrapContext using constructor [public org.springframework.test.context.support.DefaultBootstrapContext(java.lang.Class,org.springframework.test.context.CacheAwareContextLoaderDelegate)]
17:46:24.855 [main] DEBUG org.springframework.test.context.BootstrapUtils - Instantiating TestContextBootstrapper for test class [hello.GreetingControllerTests] from class [org.springframework.boot.test.context.SpringBootTestContextBootstrapper]
17:46:24.870 [main] INFO org.springframework.boot.test.context.SpringBootTestContextBootstrapper - Neither @ContextConfiguration nor @ContextHierarchy found for test class [hello.GreetingControllerTests], using SpringBootContextLoader
17:46:24.874 [main] DEBUG org.springframework.test.context.support.AbstractContextLoader - Did not detect default resource location for test class [hello.GreetingControllerTests]: class path resource [hello/GreetingControllerTests-context.xml] does not exist
17:46:24.874 [main] DEBUG org.springframework.test.context.support.AbstractContextLoader - Did not detect default resource location for test class [hello.GreetingControllerTests]: class path resource [hello/GreetingControllerTestsContext.groovy] does not exist
17:46:24.875 [main] INFO org.springframework.test.context.support.AbstractContextLoader - Could not detect default resource locations for test class [hello.GreetingControllerTests]: no resource found for suffixes {-context.xml, Context.groovy}.
17:46:24.876 [main] INFO org.springframework.test.context.support.AnnotationConfigContextLoaderUtils - Could not detect default configuration classes for test class [hello.GreetingControllerTests]: GreetingControllerTests does not declare any static, non-private, non-final, nested classes annotated with @Configuration.
17:46:24.940 [main] DEBUG org.springframework.test.context.support.ActiveProfilesUtils - Could not find an 'annotation declaring class' for annotation type [org.springframework.test.context.ActiveProfiles] and class [hello.GreetingControllerTests]
17:46:24.950 [main] DEBUG org.springframework.core.env.StandardEnvironment - Adding PropertySource 'systemProperties' with lowest search precedence
17:46:24.950 [main] DEBUG org.springframework.core.env.StandardEnvironment - Adding PropertySource 'systemEnvironment' with lowest search precedence
17:46:24.951 [main] DEBUG org.springframework.core.env.StandardEnvironment - Initialized StandardEnvironment with PropertySources [MapPropertySource@1783047508 {name='systemProperties', properties={java.runtime.name=Java(TM) SE Runtime Environment, sun.boot.library.path=C:\Java\jdk1.8.0_181\bin, java.vm.version=25.181-b13, java.vm.vendor=Oracle Corporation, java.vendor.url=http://java.oracle.com/, path.separator=;, java.vm.name=Java HotSpot(TM) 64-Bit Server VM, file.encoding.pkg=sun.io, user.country=US, user.script=, sun.java.launcher=SUN_STANDARD, sun.os.patch.level=, java.vm.specification.name=Java Virtual Machine Specification, user.dir=C:\hackathon\insurance3\gs-rest-service-complete, java.runtime.version=1.8.0_181-b13, basedir=C:\hackathon\insurance3\gs-rest-service-complete, java.awt.graphicsenv=sun.awt.Win32GraphicsEnvironment, java.endorsed.dirs=C:\Java\jdk1.8.0_181\lib\endorsed, os.arch=amd64, surefire.real.class.path=C:\Users\nkovas\AppData\Local\Temp\surefire7802790740227425729\surefirebooter6905601417943100360.jar, java.io.tmpdir=C:\Users\nkovas\AppData\Local\Temp\, line.separator=
, java.vm.specification.vendor=Oracle Corporation, user.variant=, os.name=Windows 10, sun.jnu.encoding=Cp1252, java.library.path=C:\Java\jdk1.8.0_181\bin;C:\windows\Sun\Java\bin;C:\windows\system32;C:\windows;C:/Java/jdk1.8.0_181/bin/server;C:/Java/jdk1.8.0_181/bin;C:/Java/jdk1.8.0_181/lib/amd64;C:\Program Files (x86)\Common Files\Oracle\Java\javapath;C:\ProgramData\Oracle\Java\javapath;C:\Program Files (x86)\Intel\iCLS Client\;C:\Program Files\Intel\iCLS Client\;C:\windows\system32;C:\windows;C:\windows\System32\Wbem;C:\windows\System32\WindowsPowerShell\v1.0\;C:\Program Files\Intel\WiFi\bin\;C:\Program Files\Common Files\Intel\WirelessCommon\;C:\Program Files (x86)\Intel\Intel(R) Management Engine Components\DAL;C:\Program Files\Intel\Intel(R) Management Engine Components\DAL;C:\Program Files (x86)\Intel\Intel(R) Management Engine Components\IPT;C:\Program Files\Intel\Intel(R) Management Engine Components\IPT;C:\Program Files\Calibre2\;C:\Java\jdk1.8.0_161\bin;C:\maven\apache-maven-3.5.2\bin;C:\Program Files\Git\cmd;C:\Program Files\TortoiseGit\bin;C:\Program Files\PuTTY\;C:\Program Files\nodejs\;C:\curl\curl-7.58.0;C:\Program Files\TortoiseSVN\bin;C:\ATG\ATG11.3\MySQL\win32\bin;C:\Users\nkovas\AppData\Local\Microsoft\WindowsApps;C:\maven\apache-maven-3.5.2\bin;C:\Java\jdk1.8.0_161\bin;C:\Users\nkovas\AppData\Local\Programs\Fiddler;C:\Users\nkovas\AppData\Local\atom\bin;C:\Program Files\Microsoft VS Code\bin;C:\Users\nkovas\AppData\Roaming\npm;C:\Users\nkovas\AppData\Local\GitHubDesktop\bin;C:\Program Files\Git\bin;C:\neo4j\neo4j-community-3.4.1-windows\neo4j-community-3.4.1;C:\intrasoft\rural\jboss-eap1\bin;;C:\Users\nkovas\AppData\Local\Programs\Microsoft VS Code\bin;C:\hackathon\insurance3\spring-tool-suite-4-4.1.1.RELEASE-e4.10.0-win32.win32.x86_64\sts-4.1.1.RELEASE;;., surefire.test.class.path=C:\hackathon\insurance3\gs-rest-service-complete\target\test-classes;C:\hackathon\insurance3\gs-rest-service-complete\target\classes;C:\Users\nkovas\.m2\repository\org\springframework\boot\spring-boot-starter-data-mongodb\2.0.5.RELEASE\spring-boot-starter-data-mongodb-2.0.5.RELEASE.jar;C:\Users\nkovas\.m2\repository\org\springframework\boot\spring-boot-starter\2.0.5.RELEASE\spring-boot-starter-2.0.5.RELEASE.jar;C:\Users\nkovas\.m2\repository\org\springframework\boot\spring-boot\2.0.5.RELEASE\spring-boot-2.0.5.RELEASE.jar;C:\Users\nkovas\.m2\repository\org\springframework\boot\spring-boot-autoconfigure\2.0.5.RELEASE\spring-boot-autoconfigure-2.0.5.RELEASE.jar;C:\Users\nkovas\.m2\repository\org\springframework\boot\spring-boot-starter-logging\2.0.5.RELEASE\spring-boot-starter-logging-2.0.5.RELEASE.jar;C:\Users\nkovas\.m2\repository\ch\qos\logback\logback-classic\1.2.3\logback-classic-1.2.3.jar;C:\Users\nkovas\.m2\repository\ch\qos\logback\logback-core\1.2.3\logback-core-1.2.3.jar;C:\Users\nkovas\.m2\repository\org\apache\logging\log4j\log4j-to-slf4j\2.10.0\log4j-to-slf4j-2.10.0.jar;C:\Users\nkovas\.m2\repository\org\apache\logging\log4j\log4j-api\2.10.0\log4j-api-2.10.0.jar;C:\Users\nkovas\.m2\repository\org\slf4j\jul-to-slf4j\1.7.25\jul-to-slf4j-1.7.25.jar;C:\Users\nkovas\.m2\repository\javax\annotation\javax.annotation-api\1.3.2\javax.annotation-api-1.3.2.jar;C:\Users\nkovas\.m2\repository\org\yaml\snakeyaml\1.19\snakeyaml-1.19.jar;C:\Users\nkovas\.m2\repository\org\mongodb\mongodb-driver\3.6.4\mongodb-driver-3.6.4.jar;C:\Users\nkovas\.m2\repository\org\mongodb\bson\3.6.4\bson-3.6.4.jar;C:\Users\nkovas\.m2\repository\org\mongodb\mongodb-driver-core\3.6.4\mongodb-driver-core-3.6.4.jar;C:\Users\nkovas\.m2\repository\org\springframework\data\spring-data-mongodb\2.0.10.RELEASE\spring-data-mongodb-2.0.10.RELEASE.jar;C:\Users\nkovas\.m2\repository\org\springframework\spring-tx\5.0.9.RELEASE\spring-tx-5.0.9.RELEASE.jar;C:\Users\nkovas\.m2\repository\org\springframework\spring-context\5.0.9.RELEASE\spring-context-5.0.9.RELEASE.jar;C:\Users\nkovas\.m2\repository\org\springframework\spring-beans\5.0.9.RELEASE\spring-beans-5.0.9.RELEASE.jar;C:\Users\nkovas\.m2\repository\org\springframework\spring-expression\5.0.9.RELEASE\spring-expression-5.0.9.RELEASE.jar;C:\Users\nkovas\.m2\repository\org\springframework\data\spring-data-commons\2.0.10.RELEASE\spring-data-commons-2.0.10.RELEASE.jar;C:\Users\nkovas\.m2\repository\org\springframework\boot\spring-boot-starter-web\2.0.5.RELEASE\spring-boot-starter-web-2.0.5.RELEASE.jar;C:\Users\nkovas\.m2\repository\org\springframework\boot\spring-boot-starter-json\2.0.5.RELEASE\spring-boot-starter-json-2.0.5.RELEASE.jar;C:\Users\nkovas\.m2\repository\com\fasterxml\jackson\core\jackson-databind\2.9.6\jackson-databind-2.9.6.jar;C:\Users\nkovas\.m2\repository\com\fasterxml\jackson\core\jackson-annotations\2.9.0\jackson-annotations-2.9.0.jar;C:\Users\nkovas\.m2\repository\com\fasterxml\jackson\core\jackson-core\2.9.6\jackson-core-2.9.6.jar;C:\Users\nkovas\.m2\repository\com\fasterxml\jackson\datatype\jackson-datatype-jdk8\2.9.6\jackson-datatype-jdk8-2.9.6.jar;C:\Users\nkovas\.m2\repository\com\fasterxml\jackson\datatype\jackson-datatype-jsr310\2.9.6\jackson-datatype-jsr310-2.9.6.jar;C:\Users\nkovas\.m2\repository\com\fasterxml\jackson\module\jackson-module-parameter-names\2.9.6\jackson-module-parameter-names-2.9.6.jar;C:\Users\nkovas\.m2\repository\org\springframework\boot\spring-boot-starter-tomcat\2.0.5.RELEASE\spring-boot-starter-tomcat-2.0.5.RELEASE.jar;C:\Users\nkovas\.m2\repository\org\apache\tomcat\embed\tomcat-embed-core\8.5.34\tomcat-embed-core-8.5.34.jar;C:\Users\nkovas\.m2\repository\org\apache\tomcat\embed\tomcat-embed-el\8.5.34\tomcat-embed-el-8.5.34.jar;C:\Users\nkovas\.m2\repository\org\apache\tomcat\embed\tomcat-embed-websocket\8.5.34\tomcat-embed-websocket-8.5.34.jar;C:\Users\nkovas\.m2\repository\org\hibernate\validator\hibernate-validator\6.0.12.Final\hibernate-validator-6.0.12.Final.jar;C:\Users\nkovas\.m2\repository\javax\validation\validation-api\2.0.1.Final\validation-api-2.0.1.Final.jar;C:\Users\nkovas\.m2\repository\org\jboss\logging\jboss-logging\3.3.2.Final\jboss-logging-3.3.2.Final.jar;C:\Users\nkovas\.m2\repository\com\fasterxml\classmate\1.3.4\classmate-1.3.4.jar;C:\Users\nkovas\.m2\repository\org\springframework\spring-web\5.0.9.RELEASE\spring-web-5.0.9.RELEASE.jar;C:\Users\nkovas\.m2\repository\org\springframework\spring-webmvc\5.0.9.RELEASE\spring-webmvc-5.0.9.RELEASE.jar;C:\Users\nkovas\.m2\repository\org\springframework\spring-aop\5.0.9.RELEASE\spring-aop-5.0.9.RELEASE.jar;C:\Users\nkovas\.m2\repository\org\springframework\boot\spring-boot-starter-test\2.0.5.RELEASE\spring-boot-starter-test-2.0.5.RELEASE.jar;C:\Users\nkovas\.m2\repository\org\springframework\boot\spring-boot-test\2.0.5.RELEASE\spring-boot-test-2.0.5.RELEASE.jar;C:\Users\nkovas\.m2\repository\org\springframework\boot\spring-boot-test-autoconfigure\2.0.5.RELEASE\spring-boot-test-autoconfigure-2.0.5.RELEASE.jar;C:\Users\nkovas\.m2\repository\junit\junit\4.12\junit-4.12.jar;C:\Users\nkovas\.m2\repository\org\assertj\assertj-core\3.9.1\assertj-core-3.9.1.jar;C:\Users\nkovas\.m2\repository\org\mockito\mockito-core\2.15.0\mockito-core-2.15.0.jar;C:\Users\nkovas\.m2\repository\net\bytebuddy\byte-buddy\1.7.11\byte-buddy-1.7.11.jar;C:\Users\nkovas\.m2\repository\net\bytebuddy\byte-buddy-agent\1.7.11\byte-buddy-agent-1.7.11.jar;C:\Users\nkovas\.m2\repository\org\objenesis\objenesis\2.6\objenesis-2.6.jar;C:\Users\nkovas\.m2\repository\org\hamcrest\hamcrest-core\1.3\hamcrest-core-1.3.jar;C:\Users\nkovas\.m2\repository\org\hamcrest\hamcrest-library\1.3\hamcrest-library-1.3.jar;C:\Users\nkovas\.m2\repository\org\skyscreamer\jsonassert\1.5.0\jsonassert-1.5.0.jar;C:\Users\nkovas\.m2\repository\com\vaadin\external\google\android-json\0.0.20131108.vaadin1\android-json-0.0.20131108.vaadin1.jar;C:\Users\nkovas\.m2\repository\org\springframework\spring-core\5.0.9.RELEASE\spring-core-5.0.9.RELEASE.jar;C:\Users\nkovas\.m2\repository\org\springframework\spring-jcl\5.0.9.RELEASE\spring-jcl-5.0.9.RELEASE.jar;C:\Users\nkovas\.m2\repository\org\springframework\spring-test\5.0.9.RELEASE\spring-test-5.0.9.RELEASE.jar;C:\Users\nkovas\.m2\repository\org\xmlunit\xmlunit-core\2.5.1\xmlunit-core-2.5.1.jar;C:\Users\nkovas\.m2\repository\com\jayway\jsonpath\json-path\2.4.0\json-path-2.4.0.jar;C:\Users\nkovas\.m2\repository\net\minidev\json-smart\2.3\json-smart-2.3.jar;C:\Users\nkovas\.m2\repository\net\minidev\accessors-smart\1.2\accessors-smart-1.2.jar;C:\Users\nkovas\.m2\repository\org\ow2\asm\asm\5.0.4\asm-5.0.4.jar;C:\Users\nkovas\.m2\repository\org\slf4j\slf4j-api\1.7.25\slf4j-api-1.7.25.jar;, java.specification.name=Java Platform API Specification, java.class.version=52.0, sun.management.compiler=HotSpot 64-Bit Tiered Compilers, os.version=10.0, user.home=C:\Users\nkovas, user.timezone=Europe/Athens, java.awt.printerjob=sun.awt.windows.WPrinterJob, file.encoding=Cp1252, java.specification.version=1.8, java.class.path=C:\hackathon\insurance3\gs-rest-service-complete\target\test-classes;C:\hackathon\insurance3\gs-rest-service-complete\target\classes;C:\Users\nkovas\.m2\repository\org\springframework\boot\spring-boot-starter-data-mongodb\2.0.5.RELEASE\spring-boot-starter-data-mongodb-2.0.5.RELEASE.jar;C:\Users\nkovas\.m2\repository\org\springframework\boot\spring-boot-starter\2.0.5.RELEASE\spring-boot-starter-2.0.5.RELEASE.jar;C:\Users\nkovas\.m2\repository\org\springframework\boot\spring-boot\2.0.5.RELEASE\spring-boot-2.0.5.RELEASE.jar;C:\Users\nkovas\.m2\repository\org\springframework\boot\spring-boot-autoconfigure\2.0.5.RELEASE\spring-boot-autoconfigure-2.0.5.RELEASE.jar;C:\Users\nkovas\.m2\repository\org\springframework\boot\spring-boot-starter-logging\2.0.5.RELEASE\spring-boot-starter-logging-2.0.5.RELEASE.jar;C:\Users\nkovas\.m2\repository\ch\qos\logback\logback-classic\1.2.3\logback-classic-1.2.3.jar;C:\Users\nkovas\.m2\repository\ch\qos\logback\logback-core\1.2.3\logback-core-1.2.3.jar;C:\Users\nkovas\.m2\repository\org\apache\logging\log4j\log4j-to-slf4j\2.10.0\log4j-to-slf4j-2.10.0.jar;C:\Users\nkovas\.m2\repository\org\apache\logging\log4j\log4j-api\2.10.0\log4j-api-2.10.0.jar;C:\Users\nkovas\.m2\repository\org\slf4j\jul-to-slf4j\1.7.25\jul-to-slf4j-1.7.25.jar;C:\Users\nkovas\.m2\repository\javax\annotation\javax.annotation-api\1.3.2\javax.annotation-api-1.3.2.jar;C:\Users\nkovas\.m2\repository\org\yaml\snakeyaml\1.19\snakeyaml-1.19.jar;C:\Users\nkovas\.m2\repository\org\mongodb\mongodb-driver\3.6.4\mongodb-driver-3.6.4.jar;C:\Users\nkovas\.m2\repository\org\mongodb\bson\3.6.4\bson-3.6.4.jar;C:\Users\nkovas\.m2\repository\org\mongodb\mongodb-driver-core\3.6.4\mongodb-driver-core-3.6.4.jar;C:\Users\nkovas\.m2\repository\org\springframework\data\spring-data-mongodb\2.0.10.RELEASE\spring-data-mongodb-2.0.10.RELEASE.jar;C:\Users\nkovas\.m2\repository\org\springframework\spring-tx\5.0.9.RELEASE\spring-tx-5.0.9.RELEASE.jar;C:\Users\nkovas\.m2\repository\org\springframework\spring-context\5.0.9.RELEASE\spring-context-5.0.9.RELEASE.jar;C:\Users\nkovas\.m2\repository\org\springframework\spring-beans\5.0.9.RELEASE\spring-beans-5.0.9.RELEASE.jar;C:\Users\nkovas\.m2\repository\org\springframework\spring-expression\5.0.9.RELEASE\spring-expression-5.0.9.RELEASE.jar;C:\Users\nkovas\.m2\repository\org\springframework\data\spring-data-commons\2.0.10.RELEASE\spring-data-commons-2.0.10.RELEASE.jar;C:\Users\nkovas\.m2\repository\org\springframework\boot\spring-boot-starter-web\2.0.5.RELEASE\spring-boot-starter-web-2.0.5.RELEASE.jar;C:\Users\nkovas\.m2\repository\org\springframework\boot\spring-boot-starter-json\2.0.5.RELEASE\spring-boot-starter-json-2.0.5.RELEASE.jar;C:\Users\nkovas\.m2\repository\com\fasterxml\jackson\core\jackson-databind\2.9.6\jackson-databind-2.9.6.jar;C:\Users\nkovas\.m2\repository\com\fasterxml\jackson\core\jackson-annotations\2.9.0\jackson-annotations-2.9.0.jar;C:\Users\nkovas\.m2\repository\com\fasterxml\jackson\core\jackson-core\2.9.6\jackson-core-2.9.6.jar;C:\Users\nkovas\.m2\repository\com\fasterxml\jackson\datatype\jackson-datatype-jdk8\2.9.6\jackson-datatype-jdk8-2.9.6.jar;C:\Users\nkovas\.m2\repository\com\fasterxml\jackson\datatype\jackson-datatype-jsr310\2.9.6\jackson-datatype-jsr310-2.9.6.jar;C:\Users\nkovas\.m2\repository\com\fasterxml\jackson\module\jackson-module-parameter-names\2.9.6\jackson-module-parameter-names-2.9.6.jar;C:\Users\nkovas\.m2\repository\org\springframework\boot\spring-boot-starter-tomcat\2.0.5.RELEASE\spring-boot-starter-tomcat-2.0.5.RELEASE.jar;C:\Users\nkovas\.m2\repository\org\apache\tomcat\embed\tomcat-embed-core\8.5.34\tomcat-embed-core-8.5.34.jar;C:\Users\nkovas\.m2\repository\org\apache\tomcat\embed\tomcat-embed-el\8.5.34\tomcat-embed-el-8.5.34.jar;C:\Users\nkovas\.m2\repository\org\apache\tomcat\embed\tomcat-embed-websocket\8.5.34\tomcat-embed-websocket-8.5.34.jar;C:\Users\nkovas\.m2\repository\org\hibernate\validator\hibernate-validator\6.0.12.Final\hibernate-validator-6.0.12.Final.jar;C:\Users\nkovas\.m2\repository\javax\validation\validation-api\2.0.1.Final\validation-api-2.0.1.Final.jar;C:\Users\nkovas\.m2\repository\org\jboss\logging\jboss-logging\3.3.2.Final\jboss-logging-3.3.2.Final.jar;C:\Users\nkovas\.m2\repository\com\fasterxml\classmate\1.3.4\classmate-1.3.4.jar;C:\Users\nkovas\.m2\repository\org\springframework\spring-web\5.0.9.RELEASE\spring-web-5.0.9.RELEASE.jar;C:\Users\nkovas\.m2\repository\org\springframework\spring-webmvc\5.0.9.RELEASE\spring-webmvc-5.0.9.RELEASE.jar;C:\Users\nkovas\.m2\repository\org\springframework\spring-aop\5.0.9.RELEASE\spring-aop-5.0.9.RELEASE.jar;C:\Users\nkovas\.m2\repository\org\springframework\boot\spring-boot-starter-test\2.0.5.RELEASE\spring-boot-starter-test-2.0.5.RELEASE.jar;C:\Users\nkovas\.m2\repository\org\springframework\boot\spring-boot-test\2.0.5.RELEASE\spring-boot-test-2.0.5.RELEASE.jar;C:\Users\nkovas\.m2\repository\org\springframework\boot\spring-boot-test-autoconfigure\2.0.5.RELEASE\spring-boot-test-autoconfigure-2.0.5.RELEASE.jar;C:\Users\nkovas\.m2\repository\junit\junit\4.12\junit-4.12.jar;C:\Users\nkovas\.m2\repository\org\assertj\assertj-core\3.9.1\assertj-core-3.9.1.jar;C:\Users\nkovas\.m2\repository\org\mockito\mockito-core\2.15.0\mockito-core-2.15.0.jar;C:\Users\nkovas\.m2\repository\net\bytebuddy\byte-buddy\1.7.11\byte-buddy-1.7.11.jar;C:\Users\nkovas\.m2\repository\net\bytebuddy\byte-buddy-agent\1.7.11\byte-buddy-agent-1.7.11.jar;C:\Users\nkovas\.m2\repository\org\objenesis\objenesis\2.6\objenesis-2.6.jar;C:\Users\nkovas\.m2\repository\org\hamcrest\hamcrest-core\1.3\hamcrest-core-1.3.jar;C:\Users\nkovas\.m2\repository\org\hamcrest\hamcrest-library\1.3\hamcrest-library-1.3.jar;C:\Users\nkovas\.m2\repository\org\skyscreamer\jsonassert\1.5.0\jsonassert-1.5.0.jar;C:\Users\nkovas\.m2\repository\com\vaadin\external\google\android-json\0.0.20131108.vaadin1\android-json-0.0.20131108.vaadin1.jar;C:\Users\nkovas\.m2\repository\org\springframework\spring-core\5.0.9.RELEASE\spring-core-5.0.9.RELEASE.jar;C:\Users\nkovas\.m2\repository\org\springframework\spring-jcl\5.0.9.RELEASE\spring-jcl-5.0.9.RELEASE.jar;C:\Users\nkovas\.m2\repository\org\springframework\spring-test\5.0.9.RELEASE\spring-test-5.0.9.RELEASE.jar;C:\Users\nkovas\.m2\repository\org\xmlunit\xmlunit-core\2.5.1\xmlunit-core-2.5.1.jar;C:\Users\nkovas\.m2\repository\com\jayway\jsonpath\json-path\2.4.0\json-path-2.4.0.jar;C:\Users\nkovas\.m2\repository\net\minidev\json-smart\2.3\json-smart-2.3.jar;C:\Users\nkovas\.m2\repository\net\minidev\accessors-smart\1.2\accessors-smart-1.2.jar;C:\Users\nkovas\.m2\repository\org\ow2\asm\asm\5.0.4\asm-5.0.4.jar;C:\Users\nkovas\.m2\repository\org\slf4j\slf4j-api\1.7.25\slf4j-api-1.7.25.jar;, user.name=nkovas, java.vm.specification.version=1.8, sun.java.command=C:\Users\nkovas\AppData\Local\Temp\surefire7802790740227425729\surefirebooter6905601417943100360.jar C:\Users\nkovas\AppData\Local\Temp\surefire7802790740227425729 2019-02-09T17-46-23_806-jvmRun1 surefire7293493077099992496tmp surefire_07824832515112691544tmp, java.home=C:\Java\jdk1.8.0_181, sun.arch.data.model=64, user.language=en, java.specification.vendor=Oracle Corporation, awt.toolkit=sun.awt.windows.WToolkit, java.vm.info=mixed mode, java.version=1.8.0_181, java.ext.dirs=C:\Java\jdk1.8.0_181\lib\ext;C:\windows\Sun\Java\lib\ext, sun.boot.class.path=C:\Java\jdk1.8.0_181\lib\resources.jar;C:\Java\jdk1.8.0_181\lib\rt.jar;C:\Java\jdk1.8.0_181\lib\sunrsasign.jar;C:\Java\jdk1.8.0_181\lib\jsse.jar;C:\Java\jdk1.8.0_181\lib\jce.jar;C:\Java\jdk1.8.0_181\lib\charsets.jar;C:\Java\jdk1.8.0_181\lib\jfr.jar;C:\Java\jdk1.8.0_181\classes, java.vendor=Oracle Corporation, localRepository=C:\Users\nkovas\.m2\repository, file.separator=\, java.vendor.url.bug=http://bugreport.sun.com/bugreport/, sun.io.unicode.encoding=UnicodeLittle, sun.cpu.endian=little, sun.desktop=windows, sun.cpu.isalist=amd64}}, SystemEnvironmentPropertySource@2146608740 {name='systemEnvironment', properties={PATH=C:/Java/jdk1.8.0_181/bin/server;C:/Java/jdk1.8.0_181/bin;C:/Java/jdk1.8.0_181/lib/amd64;C:\Program Files (x86)\Common Files\Oracle\Java\javapath;C:\ProgramData\Oracle\Java\javapath;C:\Program Files (x86)\Intel\iCLS Client\;C:\Program Files\Intel\iCLS Client\;C:\windows\system32;C:\windows;C:\windows\System32\Wbem;C:\windows\System32\WindowsPowerShell\v1.0\;C:\Program Files\Intel\WiFi\bin\;C:\Program Files\Common Files\Intel\WirelessCommon\;C:\Program Files (x86)\Intel\Intel(R) Management Engine Components\DAL;C:\Program Files\Intel\Intel(R) Management Engine Components\DAL;C:\Program Files (x86)\Intel\Intel(R) Management Engine Components\IPT;C:\Program Files\Intel\Intel(R) Management Engine Components\IPT;C:\Program Files\Calibre2\;C:\Java\jdk1.8.0_161\bin;C:\maven\apache-maven-3.5.2\bin;C:\Program Files\Git\cmd;C:\Program Files\TortoiseGit\bin;C:\Program Files\PuTTY\;C:\Program Files\nodejs\;C:\curl\curl-7.58.0;C:\Program Files\TortoiseSVN\bin;C:\ATG\ATG11.3\MySQL\win32\bin;C:\Users\nkovas\AppData\Local\Microsoft\WindowsApps;C:\maven\apache-maven-3.5.2\bin;C:\Java\jdk1.8.0_161\bin;C:\Users\nkovas\AppData\Local\Programs\Fiddler;C:\Users\nkovas\AppData\Local\atom\bin;C:\Program Files\Microsoft VS Code\bin;C:\Users\nkovas\AppData\Roaming\npm;C:\Users\nkovas\AppData\Local\GitHubDesktop\bin;C:\Program Files\Git\bin;C:\neo4j\neo4j-community-3.4.1-windows\neo4j-community-3.4.1;C:\intrasoft\rural\jboss-eap1\bin;;C:\Users\nkovas\AppData\Local\Programs\Microsoft VS Code\bin;C:\hackathon\insurance3\spring-tool-suite-4-4.1.1.RELEASE-e4.10.0-win32.win32.x86_64\sts-4.1.1.RELEASE;, USERDOMAIN_ROAMINGPROFILE=ATH, PROCESSOR_LEVEL=6, SYSTEMDRIVE=C:, SESSIONNAME=Console, ALLUSERSPROFILE=C:\ProgramData, PLATFORMCODE=AN, PROCESSOR_ARCHITECTURE=AMD64, JRE_HOME=\jre1.8.0_161, PROGRAMFILES=C:\Program Files, MOZ_PLUGIN_PATH=C:\Program Files (x86)\Foxit Software\Foxit Reader\plugins\, PSMODULEPATH=C:\Program Files\WindowsPowerShell\Modules;C:\windows\system32\WindowsPowerShell\v1.0\Modules, PROGRAMDATA=C:\ProgramData, USERNAME=nkovas, JDK_HOME=C:\Java\jdk1.8.0_161, USERDNSDOMAIN=ATHENS.INTRASOFT-INTL.PRIVATE, FPS_BROWSER_USER_PROFILE_STRING=Default, ONEDRIVE=C:\Users\nkovas\OneDrive, PATHEXT=.COM;.EXE;.BAT;.CMD;.VBS;.VBE;.JS;.JSE;.WSF;.WSH;.MSC, REGIONCODE=EMEA, WINDIR=C:\windows, HOMEPATH=\Users\nkovas, PROCESSOR_IDENTIFIER=Intel64 Family 6 Model 142 Stepping 10, GenuineIntel, PUBLIC=C:\Users\Public, =::=::\, LOCALAPPDATA=C:\Users\nkovas\AppData\Local, COMMONPROGRAMFILES(X86)=C:\Program Files (x86)\Common Files, USERDOMAIN=ATH, FPS_BROWSER_APP_PROFILE_STRING=Internet Explorer, LOGONSERVER=\\ATH-DC1, JAVA_HOME=C:\Java\jdk1.8.0_161, PROMPT=$P$G, PROGRAMFILES(X86)=C:\Program Files (x86), ONLINESERVICES=Online Services, =C:=C:\hackathon\insurance3\gs-rest-service-complete, APPDATA=C:\Users\nkovas\AppData\Roaming, PROGRAMW6432=C:\Program Files, SYSTEMROOT=C:\windows, OS=Windows_NT, COMMONPROGRAMW6432=C:\Program Files\Common Files, COMPUTERNAME=IIL0966, JBOSS_HOME=C:\intrasoft\rural\jboss-eap1, PTSMINSTALLPATH=c:\Program Files\HP\HP ProtectTools Security Manager\Bin\, COMMONPROGRAMFILES=C:\Program Files\Common Files, COMSPEC=C:\windows\system32\cmd.exe, PROCESSOR_REVISION=8e0a, PTSMINSTALLPATH_X86=C:\Program Files (x86)\HP\HP ProtectTools Security Manager\Bin\, TEMP=C:\Users\nkovas\AppData\Local\Temp, HOMEDRIVE=C:, SNC_LIB=gsskrb5.dll, USERPROFILE=C:\Users\nkovas, TMP=C:\Users\nkovas\AppData\Local\Temp, NUMBER_OF_PROCESSORS=8}}]
17:46:24.975 [main] DEBUG org.springframework.core.io.support.PathMatchingResourcePatternResolver - Resolved classpath location [hello/] to resources [URL [file:/C:/hackathon/insurance3/gs-rest-service-complete/target/test-classes/hello/], URL [file:/C:/hackathon/insurance3/gs-rest-service-complete/target/classes/hello/]]
17:46:24.975 [main] DEBUG org.springframework.core.io.support.PathMatchingResourcePatternResolver - Looking for matching resources in directory tree [C:\hackathon\insurance3\gs-rest-service-complete\target\test-classes\hello]
17:46:24.976 [main] DEBUG org.springframework.core.io.support.PathMatchingResourcePatternResolver - Searching directory [C:\hackathon\insurance3\gs-rest-service-complete\target\test-classes\hello] for files matching pattern [C:/hackathon/insurance3/gs-rest-service-complete/target/test-classes/hello/*.class]
17:46:24.981 [main] DEBUG org.springframework.core.io.support.PathMatchingResourcePatternResolver - Looking for matching resources in directory tree [C:\hackathon\insurance3\gs-rest-service-complete\target\classes\hello]
17:46:24.982 [main] DEBUG org.springframework.core.io.support.PathMatchingResourcePatternResolver - Searching directory [C:\hackathon\insurance3\gs-rest-service-complete\target\classes\hello] for files matching pattern [C:/hackathon/insurance3/gs-rest-service-complete/target/classes/hello/*.class]
17:46:24.985 [main] DEBUG org.springframework.core.io.support.PathMatchingResourcePatternResolver - Resolved location pattern [classpath*:hello/*.class] to resources [file [C:\hackathon\insurance3\gs-rest-service-complete\target\test-classes\hello\GreetingControllerTests.class], file [C:\hackathon\insurance3\gs-rest-service-complete\target\classes\hello\Ackresponse.class], file [C:\hackathon\insurance3\gs-rest-service-complete\target\classes\hello\Application.class], file [C:\hackathon\insurance3\gs-rest-service-complete\target\classes\hello\Customer.class], file [C:\hackathon\insurance3\gs-rest-service-complete\target\classes\hello\CustomerRepository.class], file [C:\hackathon\insurance3\gs-rest-service-complete\target\classes\hello\Greeting.class], file [C:\hackathon\insurance3\gs-rest-service-complete\target\classes\hello\GreetingController.class]]
17:46:25.092 [main] DEBUG org.springframework.context.annotation.ClassPathScanningCandidateComponentProvider - Identified candidate component class: file [C:\hackathon\insurance3\gs-rest-service-complete\target\classes\hello\Application.class]
17:46:25.107 [main] INFO org.springframework.boot.test.context.SpringBootTestContextBootstrapper - Found @SpringBootConfiguration hello.Application for test class hello.GreetingControllerTests
17:46:25.269 [main] DEBUG org.springframework.boot.test.context.SpringBootTestContextBootstrapper - @TestExecutionListeners is not present for class [hello.GreetingControllerTests]: using defaults.
17:46:25.270 [main] INFO org.springframework.boot.test.context.SpringBootTestContextBootstrapper - Loaded default TestExecutionListener class names from location [META-INF/spring.factories]: [org.springframework.boot.test.mock.mockito.MockitoTestExecutionListener, org.springframework.boot.test.mock.mockito.ResetMocksTestExecutionListener, org.springframework.boot.test.autoconfigure.restdocs.RestDocsTestExecutionListener, org.springframework.boot.test.autoconfigure.web.client.MockRestServiceServerResetTestExecutionListener, org.springframework.boot.test.autoconfigure.web.servlet.MockMvcPrintOnlyOnFailureTestExecutionListener, org.springframework.boot.test.autoconfigure.web.servlet.WebDriverTestExecutionListener, org.springframework.test.context.web.ServletTestExecutionListener, org.springframework.test.context.support.DirtiesContextBeforeModesTestExecutionListener, org.springframework.test.context.support.DependencyInjectionTestExecutionListener, org.springframework.test.context.support.DirtiesContextTestExecutionListener, org.springframework.test.context.transaction.TransactionalTestExecutionListener, org.springframework.test.context.jdbc.SqlScriptsTestExecutionListener]
17:46:25.294 [main] INFO org.springframework.boot.test.context.SpringBootTestContextBootstrapper - Using TestExecutionListeners: [org.springframework.test.context.web.ServletTestExecutionListener@22fcf7ab, org.springframework.test.context.support.DirtiesContextBeforeModesTestExecutionListener@2de23121, org.springframework.boot.test.mock.mockito.MockitoTestExecutionListener@63475ace, org.springframework.boot.test.autoconfigure.SpringBootDependencyInjectionTestExecutionListener@4988d8b8, org.springframework.test.context.support.DirtiesContextTestExecutionListener@c0c2f8d, org.springframework.test.context.transaction.TransactionalTestExecutionListener@305b7c14, org.springframework.test.context.jdbc.SqlScriptsTestExecutionListener@6913c1fb, org.springframework.boot.test.mock.mockito.ResetMocksTestExecutionListener@66d18979, org.springframework.boot.test.autoconfigure.restdocs.RestDocsTestExecutionListener@bccb269, org.springframework.boot.test.autoconfigure.web.client.MockRestServiceServerResetTestExecutionListener@609cd4d8, org.springframework.boot.test.autoconfigure.web.servlet.MockMvcPrintOnlyOnFailureTestExecutionListener@17f7cd29, org.springframework.boot.test.autoconfigure.web.servlet.WebDriverTestExecutionListener@7d8704ef]
17:46:25.297 [main] DEBUG org.springframework.test.annotation.ProfileValueUtils - Retrieved @ProfileValueSourceConfiguration [null] for test class [hello.GreetingControllerTests]
17:46:25.298 [main] DEBUG org.springframework.test.annotation.ProfileValueUtils - Retrieved ProfileValueSource type [class org.springframework.test.annotation.SystemProfileValueSource] for class [hello.GreetingControllerTests]
17:46:25.300 [main] DEBUG org.springframework.test.annotation.ProfileValueUtils - Retrieved @ProfileValueSourceConfiguration [null] for test class [hello.GreetingControllerTests]
17:46:25.300 [main] DEBUG org.springframework.test.annotation.ProfileValueUtils - Retrieved ProfileValueSource type [class org.springframework.test.annotation.SystemProfileValueSource] for class [hello.GreetingControllerTests]
17:46:25.301 [main] DEBUG org.springframework.test.annotation.ProfileValueUtils - Retrieved @ProfileValueSourceConfiguration [null] for test class [hello.GreetingControllerTests]
17:46:25.301 [main] DEBUG org.springframework.test.annotation.ProfileValueUtils - Retrieved ProfileValueSource type [class org.springframework.test.annotation.SystemProfileValueSource] for class [hello.GreetingControllerTests]
17:46:25.308 [main] DEBUG org.springframework.test.context.support.AbstractDirtiesContextTestExecutionListener - Before test class: context [DefaultTestContext@49e5f737 testClass = GreetingControllerTests, testInstance = [null], testMethod = [null], testException = [null], mergedContextConfiguration = [WebMergedContextConfiguration@5c671d7f testClass = GreetingControllerTests, locations = '{}', classes = '{class hello.Application}', contextInitializerClasses = '[]', activeProfiles = '{}', propertySourceLocations = '{}', propertySourceProperties = '{org.springframework.boot.test.context.SpringBootTestContextBootstrapper=true}', contextCustomizers = set[[ImportsContextCustomizer@757277dc key = [org.springframework.boot.test.autoconfigure.web.servlet.MockMvcAutoConfiguration, org.springframework.boot.test.autoconfigure.web.servlet.MockMvcSecurityAutoConfiguration, org.springframework.boot.test.autoconfigure.web.servlet.MockMvcWebClientAutoConfiguration, org.springframework.boot.test.autoconfigure.web.servlet.MockMvcWebDriverAutoConfiguration]], org.springframework.boot.test.context.filter.ExcludeFilterContextCustomizer@f4168b8, org.springframework.boot.test.json.DuplicateJsonObjectContextCustomizerFactory$DuplicateJsonObjectContextCustomizer@70a9f84e, org.springframework.boot.test.mock.mockito.MockitoContextCustomizer@0, org.springframework.boot.test.web.client.TestRestTemplateContextCustomizer@2d127a61, org.springframework.boot.test.autoconfigure.properties.PropertyMappingContextCustomizer@e7e8512, org.springframework.boot.test.autoconfigure.web.servlet.WebDriverContextCustomizerFactory$Customizer@1176dcec], resourceBasePath = 'src/main/webapp', contextLoader = 'org.springframework.boot.test.context.SpringBootContextLoader', parent = [null]], attributes = map['org.springframework.test.context.web.ServletTestExecutionListener.activateListener' -> true]], class annotated with @DirtiesContext [false] with mode [null].
17:46:25.308 [main] DEBUG org.springframework.test.annotation.ProfileValueUtils - Retrieved @ProfileValueSourceConfiguration [null] for test class [hello.GreetingControllerTests]
17:46:25.309 [main] DEBUG org.springframework.test.annotation.ProfileValueUtils - Retrieved ProfileValueSource type [class org.springframework.test.annotation.SystemProfileValueSource] for class [hello.GreetingControllerTests]
17:46:25.336 [main] DEBUG org.springframework.core.env.StandardEnvironment - Adding PropertySource 'systemProperties' with lowest search precedence
17:46:25.336 [main] DEBUG org.springframework.core.env.StandardEnvironment - Adding PropertySource 'systemEnvironment' with lowest search precedence
17:46:25.336 [main] DEBUG org.springframework.core.env.StandardEnvironment - Initialized StandardEnvironment with PropertySources [MapPropertySource@231786897 {name='systemProperties', properties={java.runtime.name=Java(TM) SE Runtime Environment, sun.boot.library.path=C:\Java\jdk1.8.0_181\bin, java.vm.version=25.181-b13, java.vm.vendor=Oracle Corporation, java.vendor.url=http://java.oracle.com/, path.separator=;, java.vm.name=Java HotSpot(TM) 64-Bit Server VM, file.encoding.pkg=sun.io, user.country=US, user.script=, sun.java.launcher=SUN_STANDARD, sun.os.patch.level=, java.vm.specification.name=Java Virtual Machine Specification, user.dir=C:\hackathon\insurance3\gs-rest-service-complete, java.runtime.version=1.8.0_181-b13, basedir=C:\hackathon\insurance3\gs-rest-service-complete, java.awt.graphicsenv=sun.awt.Win32GraphicsEnvironment, java.endorsed.dirs=C:\Java\jdk1.8.0_181\lib\endorsed, os.arch=amd64, surefire.real.class.path=C:\Users\nkovas\AppData\Local\Temp\surefire7802790740227425729\surefirebooter6905601417943100360.jar, java.io.tmpdir=C:\Users\nkovas\AppData\Local\Temp\, line.separator=
, java.vm.specification.vendor=Oracle Corporation, user.variant=, os.name=Windows 10, sun.jnu.encoding=Cp1252, java.library.path=C:\Java\jdk1.8.0_181\bin;C:\windows\Sun\Java\bin;C:\windows\system32;C:\windows;C:/Java/jdk1.8.0_181/bin/server;C:/Java/jdk1.8.0_181/bin;C:/Java/jdk1.8.0_181/lib/amd64;C:\Program Files (x86)\Common Files\Oracle\Java\javapath;C:\ProgramData\Oracle\Java\javapath;C:\Program Files (x86)\Intel\iCLS Client\;C:\Program Files\Intel\iCLS Client\;C:\windows\system32;C:\windows;C:\windows\System32\Wbem;C:\windows\System32\WindowsPowerShell\v1.0\;C:\Program Files\Intel\WiFi\bin\;C:\Program Files\Common Files\Intel\WirelessCommon\;C:\Program Files (x86)\Intel\Intel(R) Management Engine Components\DAL;C:\Program Files\Intel\Intel(R) Management Engine Components\DAL;C:\Program Files (x86)\Intel\Intel(R) Management Engine Components\IPT;C:\Program Files\Intel\Intel(R) Management Engine Components\IPT;C:\Program Files\Calibre2\;C:\Java\jdk1.8.0_161\bin;C:\maven\apache-maven-3.5.2\bin;C:\Program Files\Git\cmd;C:\Program Files\TortoiseGit\bin;C:\Program Files\PuTTY\;C:\Program Files\nodejs\;C:\curl\curl-7.58.0;C:\Program Files\TortoiseSVN\bin;C:\ATG\ATG11.3\MySQL\win32\bin;C:\Users\nkovas\AppData\Local\Microsoft\WindowsApps;C:\maven\apache-maven-3.5.2\bin;C:\Java\jdk1.8.0_161\bin;C:\Users\nkovas\AppData\Local\Programs\Fiddler;C:\Users\nkovas\AppData\Local\atom\bin;C:\Program Files\Microsoft VS Code\bin;C:\Users\nkovas\AppData\Roaming\npm;C:\Users\nkovas\AppData\Local\GitHubDesktop\bin;C:\Program Files\Git\bin;C:\neo4j\neo4j-community-3.4.1-windows\neo4j-community-3.4.1;C:\intrasoft\rural\jboss-eap1\bin;;C:\Users\nkovas\AppData\Local\Programs\Microsoft VS Code\bin;C:\hackathon\insurance3\spring-tool-suite-4-4.1.1.RELEASE-e4.10.0-win32.win32.x86_64\sts-4.1.1.RELEASE;;., surefire.test.class.path=C:\hackathon\insurance3\gs-rest-service-complete\target\test-classes;C:\hackathon\insurance3\gs-rest-service-complete\target\classes;C:\Users\nkovas\.m2\repository\org\springframework\boot\spring-boot-starter-data-mongodb\2.0.5.RELEASE\spring-boot-starter-data-mongodb-2.0.5.RELEASE.jar;C:\Users\nkovas\.m2\repository\org\springframework\boot\spring-boot-starter\2.0.5.RELEASE\spring-boot-starter-2.0.5.RELEASE.jar;C:\Users\nkovas\.m2\repository\org\springframework\boot\spring-boot\2.0.5.RELEASE\spring-boot-2.0.5.RELEASE.jar;C:\Users\nkovas\.m2\repository\org\springframework\boot\spring-boot-autoconfigure\2.0.5.RELEASE\spring-boot-autoconfigure-2.0.5.RELEASE.jar;C:\Users\nkovas\.m2\repository\org\springframework\boot\spring-boot-starter-logging\2.0.5.RELEASE\spring-boot-starter-logging-2.0.5.RELEASE.jar;C:\Users\nkovas\.m2\repository\ch\qos\logback\logback-classic\1.2.3\logback-classic-1.2.3.jar;C:\Users\nkovas\.m2\repository\ch\qos\logback\logback-core\1.2.3\logback-core-1.2.3.jar;C:\Users\nkovas\.m2\repository\org\apache\logging\log4j\log4j-to-slf4j\2.10.0\log4j-to-slf4j-2.10.0.jar;C:\Users\nkovas\.m2\repository\org\apache\logging\log4j\log4j-api\2.10.0\log4j-api-2.10.0.jar;C:\Users\nkovas\.m2\repository\org\slf4j\jul-to-slf4j\1.7.25\jul-to-slf4j-1.7.25.jar;C:\Users\nkovas\.m2\repository\javax\annotation\javax.annotation-api\1.3.2\javax.annotation-api-1.3.2.jar;C:\Users\nkovas\.m2\repository\org\yaml\snakeyaml\1.19\snakeyaml-1.19.jar;C:\Users\nkovas\.m2\repository\org\mongodb\mongodb-driver\3.6.4\mongodb-driver-3.6.4.jar;C:\Users\nkovas\.m2\repository\org\mongodb\bson\3.6.4\bson-3.6.4.jar;C:\Users\nkovas\.m2\repository\org\mongodb\mongodb-driver-core\3.6.4\mongodb-driver-core-3.6.4.jar;C:\Users\nkovas\.m2\repository\org\springframework\data\spring-data-mongodb\2.0.10.RELEASE\spring-data-mongodb-2.0.10.RELEASE.jar;C:\Users\nkovas\.m2\repository\org\springframework\spring-tx\5.0.9.RELEASE\spring-tx-5.0.9.RELEASE.jar;C:\Users\nkovas\.m2\repository\org\springframework\spring-context\5.0.9.RELEASE\spring-context-5.0.9.RELEASE.jar;C:\Users\nkovas\.m2\repository\org\springframework\spring-beans\5.0.9.RELEASE\spring-beans-5.0.9.RELEASE.jar;C:\Users\nkovas\.m2\repository\org\springframework\spring-expression\5.0.9.RELEASE\spring-expression-5.0.9.RELEASE.jar;C:\Users\nkovas\.m2\repository\org\springframework\data\spring-data-commons\2.0.10.RELEASE\spring-data-commons-2.0.10.RELEASE.jar;C:\Users\nkovas\.m2\repository\org\springframework\boot\spring-boot-starter-web\2.0.5.RELEASE\spring-boot-starter-web-2.0.5.RELEASE.jar;C:\Users\nkovas\.m2\repository\org\springframework\boot\spring-boot-starter-json\2.0.5.RELEASE\spring-boot-starter-json-2.0.5.RELEASE.jar;C:\Users\nkovas\.m2\repository\com\fasterxml\jackson\core\jackson-databind\2.9.6\jackson-databind-2.9.6.jar;C:\Users\nkovas\.m2\repository\com\fasterxml\jackson\core\jackson-annotations\2.9.0\jackson-annotations-2.9.0.jar;C:\Users\nkovas\.m2\repository\com\fasterxml\jackson\core\jackson-core\2.9.6\jackson-core-2.9.6.jar;C:\Users\nkovas\.m2\repository\com\fasterxml\jackson\datatype\jackson-datatype-jdk8\2.9.6\jackson-datatype-jdk8-2.9.6.jar;C:\Users\nkovas\.m2\repository\com\fasterxml\jackson\datatype\jackson-datatype-jsr310\2.9.6\jackson-datatype-jsr310-2.9.6.jar;C:\Users\nkovas\.m2\repository\com\fasterxml\jackson\module\jackson-module-parameter-names\2.9.6\jackson-module-parameter-names-2.9.6.jar;C:\Users\nkovas\.m2\repository\org\springframework\boot\spring-boot-starter-tomcat\2.0.5.RELEASE\spring-boot-starter-tomcat-2.0.5.RELEASE.jar;C:\Users\nkovas\.m2\repository\org\apache\tomcat\embed\tomcat-embed-core\8.5.34\tomcat-embed-core-8.5.34.jar;C:\Users\nkovas\.m2\repository\org\apache\tomcat\embed\tomcat-embed-el\8.5.34\tomcat-embed-el-8.5.34.jar;C:\Users\nkovas\.m2\repository\org\apache\tomcat\embed\tomcat-embed-websocket\8.5.34\tomcat-embed-websocket-8.5.34.jar;C:\Users\nkovas\.m2\repository\org\hibernate\validator\hibernate-validator\6.0.12.Final\hibernate-validator-6.0.12.Final.jar;C:\Users\nkovas\.m2\repository\javax\validation\validation-api\2.0.1.Final\validation-api-2.0.1.Final.jar;C:\Users\nkovas\.m2\repository\org\jboss\logging\jboss-logging\3.3.2.Final\jboss-logging-3.3.2.Final.jar;C:\Users\nkovas\.m2\repository\com\fasterxml\classmate\1.3.4\classmate-1.3.4.jar;C:\Users\nkovas\.m2\repository\org\springframework\spring-web\5.0.9.RELEASE\spring-web-5.0.9.RELEASE.jar;C:\Users\nkovas\.m2\repository\org\springframework\spring-webmvc\5.0.9.RELEASE\spring-webmvc-5.0.9.RELEASE.jar;C:\Users\nkovas\.m2\repository\org\springframework\spring-aop\5.0.9.RELEASE\spring-aop-5.0.9.RELEASE.jar;C:\Users\nkovas\.m2\repository\org\springframework\boot\spring-boot-starter-test\2.0.5.RELEASE\spring-boot-starter-test-2.0.5.RELEASE.jar;C:\Users\nkovas\.m2\repository\org\springframework\boot\spring-boot-test\2.0.5.RELEASE\spring-boot-test-2.0.5.RELEASE.jar;C:\Users\nkovas\.m2\repository\org\springframework\boot\spring-boot-test-autoconfigure\2.0.5.RELEASE\spring-boot-test-autoconfigure-2.0.5.RELEASE.jar;C:\Users\nkovas\.m2\repository\junit\junit\4.12\junit-4.12.jar;C:\Users\nkovas\.m2\repository\org\assertj\assertj-core\3.9.1\assertj-core-3.9.1.jar;C:\Users\nkovas\.m2\repository\org\mockito\mockito-core\2.15.0\mockito-core-2.15.0.jar;C:\Users\nkovas\.m2\repository\net\bytebuddy\byte-buddy\1.7.11\byte-buddy-1.7.11.jar;C:\Users\nkovas\.m2\repository\net\bytebuddy\byte-buddy-agent\1.7.11\byte-buddy-agent-1.7.11.jar;C:\Users\nkovas\.m2\repository\org\objenesis\objenesis\2.6\objenesis-2.6.jar;C:\Users\nkovas\.m2\repository\org\hamcrest\hamcrest-core\1.3\hamcrest-core-1.3.jar;C:\Users\nkovas\.m2\repository\org\hamcrest\hamcrest-library\1.3\hamcrest-library-1.3.jar;C:\Users\nkovas\.m2\repository\org\skyscreamer\jsonassert\1.5.0\jsonassert-1.5.0.jar;C:\Users\nkovas\.m2\repository\com\vaadin\external\google\android-json\0.0.20131108.vaadin1\android-json-0.0.20131108.vaadin1.jar;C:\Users\nkovas\.m2\repository\org\springframework\spring-core\5.0.9.RELEASE\spring-core-5.0.9.RELEASE.jar;C:\Users\nkovas\.m2\repository\org\springframework\spring-jcl\5.0.9.RELEASE\spring-jcl-5.0.9.RELEASE.jar;C:\Users\nkovas\.m2\repository\org\springframework\spring-test\5.0.9.RELEASE\spring-test-5.0.9.RELEASE.jar;C:\Users\nkovas\.m2\repository\org\xmlunit\xmlunit-core\2.5.1\xmlunit-core-2.5.1.jar;C:\Users\nkovas\.m2\repository\com\jayway\jsonpath\json-path\2.4.0\json-path-2.4.0.jar;C:\Users\nkovas\.m2\repository\net\minidev\json-smart\2.3\json-smart-2.3.jar;C:\Users\nkovas\.m2\repository\net\minidev\accessors-smart\1.2\accessors-smart-1.2.jar;C:\Users\nkovas\.m2\repository\org\ow2\asm\asm\5.0.4\asm-5.0.4.jar;C:\Users\nkovas\.m2\repository\org\slf4j\slf4j-api\1.7.25\slf4j-api-1.7.25.jar;, java.specification.name=Java Platform API Specification, java.class.version=52.0, sun.management.compiler=HotSpot 64-Bit Tiered Compilers, os.version=10.0, user.home=C:\Users\nkovas, user.timezone=Europe/Athens, java.awt.printerjob=sun.awt.windows.WPrinterJob, file.encoding=Cp1252, java.specification.version=1.8, java.class.path=C:\hackathon\insurance3\gs-rest-service-complete\target\test-classes;C:\hackathon\insurance3\gs-rest-service-complete\target\classes;C:\Users\nkovas\.m2\repository\org\springframework\boot\spring-boot-starter-data-mongodb\2.0.5.RELEASE\spring-boot-starter-data-mongodb-2.0.5.RELEASE.jar;C:\Users\nkovas\.m2\repository\org\springframework\boot\spring-boot-starter\2.0.5.RELEASE\spring-boot-starter-2.0.5.RELEASE.jar;C:\Users\nkovas\.m2\repository\org\springframework\boot\spring-boot\2.0.5.RELEASE\spring-boot-2.0.5.RELEASE.jar;C:\Users\nkovas\.m2\repository\org\springframework\boot\spring-boot-autoconfigure\2.0.5.RELEASE\spring-boot-autoconfigure-2.0.5.RELEASE.jar;C:\Users\nkovas\.m2\repository\org\springframework\boot\spring-boot-starter-logging\2.0.5.RELEASE\spring-boot-starter-logging-2.0.5.RELEASE.jar;C:\Users\nkovas\.m2\repository\ch\qos\logback\logback-classic\1.2.3\logback-classic-1.2.3.jar;C:\Users\nkovas\.m2\repository\ch\qos\logback\logback-core\1.2.3\logback-core-1.2.3.jar;C:\Users\nkovas\.m2\repository\org\apache\logging\log4j\log4j-to-slf4j\2.10.0\log4j-to-slf4j-2.10.0.jar;C:\Users\nkovas\.m2\repository\org\apache\logging\log4j\log4j-api\2.10.0\log4j-api-2.10.0.jar;C:\Users\nkovas\.m2\repository\org\slf4j\jul-to-slf4j\1.7.25\jul-to-slf4j-1.7.25.jar;C:\Users\nkovas\.m2\repository\javax\annotation\javax.annotation-api\1.3.2\javax.annotation-api-1.3.2.jar;C:\Users\nkovas\.m2\repository\org\yaml\snakeyaml\1.19\snakeyaml-1.19.jar;C:\Users\nkovas\.m2\repository\org\mongodb\mongodb-driver\3.6.4\mongodb-driver-3.6.4.jar;C:\Users\nkovas\.m2\repository\org\mongodb\bson\3.6.4\bson-3.6.4.jar;C:\Users\nkovas\.m2\repository\org\mongodb\mongodb-driver-core\3.6.4\mongodb-driver-core-3.6.4.jar;C:\Users\nkovas\.m2\repository\org\springframework\data\spring-data-mongodb\2.0.10.RELEASE\spring-data-mongodb-2.0.10.RELEASE.jar;C:\Users\nkovas\.m2\repository\org\springframework\spring-tx\5.0.9.RELEASE\spring-tx-5.0.9.RELEASE.jar;C:\Users\nkovas\.m2\repository\org\springframework\spring-context\5.0.9.RELEASE\spring-context-5.0.9.RELEASE.jar;C:\Users\nkovas\.m2\repository\org\springframework\spring-beans\5.0.9.RELEASE\spring-beans-5.0.9.RELEASE.jar;C:\Users\nkovas\.m2\repository\org\springframework\spring-expression\5.0.9.RELEASE\spring-expression-5.0.9.RELEASE.jar;C:\Users\nkovas\.m2\repository\org\springframework\data\spring-data-commons\2.0.10.RELEASE\spring-data-commons-2.0.10.RELEASE.jar;C:\Users\nkovas\.m2\repository\org\springframework\boot\spring-boot-starter-web\2.0.5.RELEASE\spring-boot-starter-web-2.0.5.RELEASE.jar;C:\Users\nkovas\.m2\repository\org\springframework\boot\spring-boot-starter-json\2.0.5.RELEASE\spring-boot-starter-json-2.0.5.RELEASE.jar;C:\Users\nkovas\.m2\repository\com\fasterxml\jackson\core\jackson-databind\2.9.6\jackson-databind-2.9.6.jar;C:\Users\nkovas\.m2\repository\com\fasterxml\jackson\core\jackson-annotations\2.9.0\jackson-annotations-2.9.0.jar;C:\Users\nkovas\.m2\repository\com\fasterxml\jackson\core\jackson-core\2.9.6\jackson-core-2.9.6.jar;C:\Users\nkovas\.m2\repository\com\fasterxml\jackson\datatype\jackson-datatype-jdk8\2.9.6\jackson-datatype-jdk8-2.9.6.jar;C:\Users\nkovas\.m2\repository\com\fasterxml\jackson\datatype\jackson-datatype-jsr310\2.9.6\jackson-datatype-jsr310-2.9.6.jar;C:\Users\nkovas\.m2\repository\com\fasterxml\jackson\module\jackson-module-parameter-names\2.9.6\jackson-module-parameter-names-2.9.6.jar;C:\Users\nkovas\.m2\repository\org\springframework\boot\spring-boot-starter-tomcat\2.0.5.RELEASE\spring-boot-starter-tomcat-2.0.5.RELEASE.jar;C:\Users\nkovas\.m2\repository\org\apache\tomcat\embed\tomcat-embed-core\8.5.34\tomcat-embed-core-8.5.34.jar;C:\Users\nkovas\.m2\repository\org\apache\tomcat\embed\tomcat-embed-el\8.5.34\tomcat-embed-el-8.5.34.jar;C:\Users\nkovas\.m2\repository\org\apache\tomcat\embed\tomcat-embed-websocket\8.5.34\tomcat-embed-websocket-8.5.34.jar;C:\Users\nkovas\.m2\repository\org\hibernate\validator\hibernate-validator\6.0.12.Final\hibernate-validator-6.0.12.Final.jar;C:\Users\nkovas\.m2\repository\javax\validation\validation-api\2.0.1.Final\validation-api-2.0.1.Final.jar;C:\Users\nkovas\.m2\repository\org\jboss\logging\jboss-logging\3.3.2.Final\jboss-logging-3.3.2.Final.jar;C:\Users\nkovas\.m2\repository\com\fasterxml\classmate\1.3.4\classmate-1.3.4.jar;C:\Users\nkovas\.m2\repository\org\springframework\spring-web\5.0.9.RELEASE\spring-web-5.0.9.RELEASE.jar;C:\Users\nkovas\.m2\repository\org\springframework\spring-webmvc\5.0.9.RELEASE\spring-webmvc-5.0.9.RELEASE.jar;C:\Users\nkovas\.m2\repository\org\springframework\spring-aop\5.0.9.RELEASE\spring-aop-5.0.9.RELEASE.jar;C:\Users\nkovas\.m2\repository\org\springframework\boot\spring-boot-starter-test\2.0.5.RELEASE\spring-boot-starter-test-2.0.5.RELEASE.jar;C:\Users\nkovas\.m2\repository\org\springframework\boot\spring-boot-test\2.0.5.RELEASE\spring-boot-test-2.0.5.RELEASE.jar;C:\Users\nkovas\.m2\repository\org\springframework\boot\spring-boot-test-autoconfigure\2.0.5.RELEASE\spring-boot-test-autoconfigure-2.0.5.RELEASE.jar;C:\Users\nkovas\.m2\repository\junit\junit\4.12\junit-4.12.jar;C:\Users\nkovas\.m2\repository\org\assertj\assertj-core\3.9.1\assertj-core-3.9.1.jar;C:\Users\nkovas\.m2\repository\org\mockito\mockito-core\2.15.0\mockito-core-2.15.0.jar;C:\Users\nkovas\.m2\repository\net\bytebuddy\byte-buddy\1.7.11\byte-buddy-1.7.11.jar;C:\Users\nkovas\.m2\repository\net\bytebuddy\byte-buddy-agent\1.7.11\byte-buddy-agent-1.7.11.jar;C:\Users\nkovas\.m2\repository\org\objenesis\objenesis\2.6\objenesis-2.6.jar;C:\Users\nkovas\.m2\repository\org\hamcrest\hamcrest-core\1.3\hamcrest-core-1.3.jar;C:\Users\nkovas\.m2\repository\org\hamcrest\hamcrest-library\1.3\hamcrest-library-1.3.jar;C:\Users\nkovas\.m2\repository\org\skyscreamer\jsonassert\1.5.0\jsonassert-1.5.0.jar;C:\Users\nkovas\.m2\repository\com\vaadin\external\google\android-json\0.0.20131108.vaadin1\android-json-0.0.20131108.vaadin1.jar;C:\Users\nkovas\.m2\repository\org\springframework\spring-core\5.0.9.RELEASE\spring-core-5.0.9.RELEASE.jar;C:\Users\nkovas\.m2\repository\org\springframework\spring-jcl\5.0.9.RELEASE\spring-jcl-5.0.9.RELEASE.jar;C:\Users\nkovas\.m2\repository\org\springframework\spring-test\5.0.9.RELEASE\spring-test-5.0.9.RELEASE.jar;C:\Users\nkovas\.m2\repository\org\xmlunit\xmlunit-core\2.5.1\xmlunit-core-2.5.1.jar;C:\Users\nkovas\.m2\repository\com\jayway\jsonpath\json-path\2.4.0\json-path-2.4.0.jar;C:\Users\nkovas\.m2\repository\net\minidev\json-smart\2.3\json-smart-2.3.jar;C:\Users\nkovas\.m2\repository\net\minidev\accessors-smart\1.2\accessors-smart-1.2.jar;C:\Users\nkovas\.m2\repository\org\ow2\asm\asm\5.0.4\asm-5.0.4.jar;C:\Users\nkovas\.m2\repository\org\slf4j\slf4j-api\1.7.25\slf4j-api-1.7.25.jar;, user.name=nkovas, java.vm.specification.version=1.8, sun.java.command=C:\Users\nkovas\AppData\Local\Temp\surefire7802790740227425729\surefirebooter6905601417943100360.jar C:\Users\nkovas\AppData\Local\Temp\surefire7802790740227425729 2019-02-09T17-46-23_806-jvmRun1 surefire7293493077099992496tmp surefire_07824832515112691544tmp, java.home=C:\Java\jdk1.8.0_181, sun.arch.data.model=64, user.language=en, java.specification.vendor=Oracle Corporation, awt.toolkit=sun.awt.windows.WToolkit, java.vm.info=mixed mode, java.version=1.8.0_181, java.ext.dirs=C:\Java\jdk1.8.0_181\lib\ext;C:\windows\Sun\Java\lib\ext, sun.boot.class.path=C:\Java\jdk1.8.0_181\lib\resources.jar;C:\Java\jdk1.8.0_181\lib\rt.jar;C:\Java\jdk1.8.0_181\lib\sunrsasign.jar;C:\Java\jdk1.8.0_181\lib\jsse.jar;C:\Java\jdk1.8.0_181\lib\jce.jar;C:\Java\jdk1.8.0_181\lib\charsets.jar;C:\Java\jdk1.8.0_181\lib\jfr.jar;C:\Java\jdk1.8.0_181\classes, java.vendor=Oracle Corporation, localRepository=C:\Users\nkovas\.m2\repository, file.separator=\, java.vendor.url.bug=http://bugreport.sun.com/bugreport/, sun.io.unicode.encoding=UnicodeLittle, sun.cpu.endian=little, sun.desktop=windows, sun.cpu.isalist=amd64}}, SystemEnvironmentPropertySource@1595282218 {name='systemEnvironment', properties={PATH=C:/Java/jdk1.8.0_181/bin/server;C:/Java/jdk1.8.0_181/bin;C:/Java/jdk1.8.0_181/lib/amd64;C:\Program Files (x86)\Common Files\Oracle\Java\javapath;C:\ProgramData\Oracle\Java\javapath;C:\Program Files (x86)\Intel\iCLS Client\;C:\Program Files\Intel\iCLS Client\;C:\windows\system32;C:\windows;C:\windows\System32\Wbem;C:\windows\System32\WindowsPowerShell\v1.0\;C:\Program Files\Intel\WiFi\bin\;C:\Program Files\Common Files\Intel\WirelessCommon\;C:\Program Files (x86)\Intel\Intel(R) Management Engine Components\DAL;C:\Program Files\Intel\Intel(R) Management Engine Components\DAL;C:\Program Files (x86)\Intel\Intel(R) Management Engine Components\IPT;C:\Program Files\Intel\Intel(R) Management Engine Components\IPT;C:\Program Files\Calibre2\;C:\Java\jdk1.8.0_161\bin;C:\maven\apache-maven-3.5.2\bin;C:\Program Files\Git\cmd;C:\Program Files\TortoiseGit\bin;C:\Program Files\PuTTY\;C:\Program Files\nodejs\;C:\curl\curl-7.58.0;C:\Program Files\TortoiseSVN\bin;C:\ATG\ATG11.3\MySQL\win32\bin;C:\Users\nkovas\AppData\Local\Microsoft\WindowsApps;C:\maven\apache-maven-3.5.2\bin;C:\Java\jdk1.8.0_161\bin;C:\Users\nkovas\AppData\Local\Programs\Fiddler;C:\Users\nkovas\AppData\Local\atom\bin;C:\Program Files\Microsoft VS Code\bin;C:\Users\nkovas\AppData\Roaming\npm;C:\Users\nkovas\AppData\Local\GitHubDesktop\bin;C:\Program Files\Git\bin;C:\neo4j\neo4j-community-3.4.1-windows\neo4j-community-3.4.1;C:\intrasoft\rural\jboss-eap1\bin;;C:\Users\nkovas\AppData\Local\Programs\Microsoft VS Code\bin;C:\hackathon\insurance3\spring-tool-suite-4-4.1.1.RELEASE-e4.10.0-win32.win32.x86_64\sts-4.1.1.RELEASE;, USERDOMAIN_ROAMINGPROFILE=ATH, PROCESSOR_LEVEL=6, SYSTEMDRIVE=C:, SESSIONNAME=Console, ALLUSERSPROFILE=C:\ProgramData, PLATFORMCODE=AN, PROCESSOR_ARCHITECTURE=AMD64, JRE_HOME=\jre1.8.0_161, PROGRAMFILES=C:\Program Files, MOZ_PLUGIN_PATH=C:\Program Files (x86)\Foxit Software\Foxit Reader\plugins\, PSMODULEPATH=C:\Program Files\WindowsPowerShell\Modules;C:\windows\system32\WindowsPowerShell\v1.0\Modules, PROGRAMDATA=C:\ProgramData, USERNAME=nkovas, JDK_HOME=C:\Java\jdk1.8.0_161, USERDNSDOMAIN=ATHENS.INTRASOFT-INTL.PRIVATE, FPS_BROWSER_USER_PROFILE_STRING=Default, ONEDRIVE=C:\Users\nkovas\OneDrive, PATHEXT=.COM;.EXE;.BAT;.CMD;.VBS;.VBE;.JS;.JSE;.WSF;.WSH;.MSC, REGIONCODE=EMEA, WINDIR=C:\windows, HOMEPATH=\Users\nkovas, PROCESSOR_IDENTIFIER=Intel64 Family 6 Model 142 Stepping 10, GenuineIntel, PUBLIC=C:\Users\Public, =::=::\, LOCALAPPDATA=C:\Users\nkovas\AppData\Local, COMMONPROGRAMFILES(X86)=C:\Program Files (x86)\Common Files, USERDOMAIN=ATH, FPS_BROWSER_APP_PROFILE_STRING=Internet Explorer, LOGONSERVER=\\ATH-DC1, JAVA_HOME=C:\Java\jdk1.8.0_161, PROMPT=$P$G, PROGRAMFILES(X86)=C:\Program Files (x86), ONLINESERVICES=Online Services, =C:=C:\hackathon\insurance3\gs-rest-service-complete, APPDATA=C:\Users\nkovas\AppData\Roaming, PROGRAMW6432=C:\Program Files, SYSTEMROOT=C:\windows, OS=Windows_NT, COMMONPROGRAMW6432=C:\Program Files\Common Files, COMPUTERNAME=IIL0966, JBOSS_HOME=C:\intrasoft\rural\jboss-eap1, PTSMINSTALLPATH=c:\Program Files\HP\HP ProtectTools Security Manager\Bin\, COMMONPROGRAMFILES=C:\Program Files\Common Files, COMSPEC=C:\windows\system32\cmd.exe, PROCESSOR_REVISION=8e0a, PTSMINSTALLPATH_X86=C:\Program Files (x86)\HP\HP ProtectTools Security Manager\Bin\, TEMP=C:\Users\nkovas\AppData\Local\Temp, HOMEDRIVE=C:, SNC_LIB=gsskrb5.dll, USERPROFILE=C:\Users\nkovas, TMP=C:\Users\nkovas\AppData\Local\Temp, NUMBER_OF_PROCESSORS=8}}]
17:46:25.340 [main] DEBUG org.springframework.test.context.support.TestPropertySourceUtils - Adding inlined properties to environment: {spring.jmx.enabled=false, org.springframework.boot.test.context.SpringBootTestContextBootstrapper=true, server.port=-1}
17:46:25.340 [main] DEBUG org.springframework.core.env.StandardEnvironment - Adding PropertySource 'Inlined Test Properties' with highest search precedence

  .   ____          _            __ _ _
 /\\ / ___'_ __ _ _(_)_ __  __ _ \ \ \ \
( ( )\___ | '_ | '_| | '_ \/ _` | \ \ \ \
 \\/  ___)| |_)| | | | | || (_| |  ) ) ) )
  '  |____| .__|_| |_|_| |_\__, | / / / /
 =========|_|==============|___/=/_/_/_/
 :: Spring Boot ::        (v2.0.5.RELEASE)

2019-02-09 17:46:25.710  INFO 22772 --- [           main] hello.GreetingControllerTests            : Starting GreetingControllerTests on IIL0966 with PID 22772 (started by nkovas in C:\hackathon\insurance3\gs-rest-service-complete)
2019-02-09 17:46:25.712  INFO 22772 --- [           main] hello.GreetingControllerTests            : No active profile set, falling back to default profiles: default
2019-02-09 17:46:25.735  INFO 22772 --- [           main] o.s.w.c.s.GenericWebApplicationContext   : Refreshing org.springframework.web.context.support.GenericWebApplicationContext@70ed52de: startup date [Sat Feb 09 17:46:25 EET 2019]; root of context hierarchy
2019-02-09 17:46:28.331  INFO 22772 --- [           main] org.mongodb.driver.cluster               : Cluster created with settings {hosts=[localhost:27017], mode=SINGLE, requiredClusterType=UNKNOWN, serverSelectionTimeout='30000 ms', maxWaitQueueSize=500}
2019-02-09 17:46:29.143  INFO 22772 --- [           main] o.s.w.s.handler.SimpleUrlHandlerMapping  : Mapped URL path [/**/favicon.ico] onto handler of type [class org.springframework.web.servlet.resource.ResourceHttpRequestHandler]
2019-02-09 17:46:29.409  INFO 22772 --- [localhost:27017] org.mongodb.driver.cluster               : Exception in monitor thread while connecting to server localhost:27017

com.mongodb.MongoSocketOpenException: Exception opening socket
	at com.mongodb.connection.SocketStream.open(SocketStream.java:62) ~[mongodb-driver-core-3.6.4.jar:na]
	at com.mongodb.connection.InternalStreamConnection.open(InternalStreamConnection.java:126) ~[mongodb-driver-core-3.6.4.jar:na]
	at com.mongodb.connection.DefaultServerMonitor$ServerMonitorRunnable.run(DefaultServerMonitor.java:114) ~[mongodb-driver-core-3.6.4.jar:na]
	at java.lang.Thread.run(Unknown Source) [na:1.8.0_181]
Caused by: java.net.ConnectException: Connection refused: connect
	at java.net.DualStackPlainSocketImpl.waitForConnect(Native Method) ~[na:1.8.0_181]
	at java.net.DualStackPlainSocketImpl.socketConnect(Unknown Source) ~[na:1.8.0_181]
	at java.net.AbstractPlainSocketImpl.doConnect(Unknown Source) ~[na:1.8.0_181]
	at java.net.AbstractPlainSocketImpl.connectToAddress(Unknown Source) ~[na:1.8.0_181]
	at java.net.AbstractPlainSocketImpl.connect(Unknown Source) ~[na:1.8.0_181]
	at java.net.PlainSocketImpl.connect(Unknown Source) ~[na:1.8.0_181]
	at java.net.SocksSocketImpl.connect(Unknown Source) ~[na:1.8.0_181]
	at java.net.Socket.connect(Unknown Source) ~[na:1.8.0_181]
	at com.mongodb.connection.SocketStreamHelper.initialize(SocketStreamHelper.java:59) ~[mongodb-driver-core-3.6.4.jar:na]
	at com.mongodb.connection.SocketStream.open(SocketStream.java:57) ~[mongodb-driver-core-3.6.4.jar:na]
	... 3 common frames omitted

2019-02-09 17:46:29.532  INFO 22772 --- [           main] s.w.s.m.m.a.RequestMappingHandlerAdapter : Looking for @ControllerAdvice: org.springframework.web.context.support.GenericWebApplicationContext@70ed52de: startup date [Sat Feb 09 17:46:25 EET 2019]; root of context hierarchy
2019-02-09 17:46:29.652  INFO 22772 --- [           main] s.w.s.m.m.a.RequestMappingHandlerMapping : Mapped "{[/doctorgeolocation]}" onto public hello.Ackresponse hello.GreetingController.doctorgeolocation(java.lang.String,java.lang.String,java.lang.String)
2019-02-09 17:46:29.654  INFO 22772 --- [           main] s.w.s.m.m.a.RequestMappingHandlerMapping : Mapped "{[/patientgeolocation]}" onto public hello.Ackresponse hello.GreetingController.patientgeolocation(java.lang.String,java.lang.String,java.lang.String,java.lang.String)
2019-02-09 17:46:29.654  INFO 22772 --- [           main] s.w.s.m.m.a.RequestMappingHandlerMapping : Mapped "{[/greeting]}" onto public hello.Greeting hello.GreetingController.greeting(java.lang.String)
2019-02-09 17:46:29.658  INFO 22772 --- [           main] s.w.s.m.m.a.RequestMappingHandlerMapping : Mapped "{[/error]}" onto public org.springframework.http.ResponseEntity<java.util.Map<java.lang.String, java.lang.Object>> org.springframework.boot.autoconfigure.web.servlet.error.BasicErrorController.error(javax.servlet.http.HttpServletRequest)
2019-02-09 17:46:29.659  INFO 22772 --- [           main] s.w.s.m.m.a.RequestMappingHandlerMapping : Mapped "{[/error],produces=[text/html]}" onto public org.springframework.web.servlet.ModelAndView org.springframework.boot.autoconfigure.web.servlet.error.BasicErrorController.errorHtml(javax.servlet.http.HttpServletRequest,javax.servlet.http.HttpServletResponse)
2019-02-09 17:46:29.700  INFO 22772 --- [           main] o.s.w.s.handler.SimpleUrlHandlerMapping  : Mapped URL path [/webjars/**] onto handler of type [class org.springframework.web.servlet.resource.ResourceHttpRequestHandler]
2019-02-09 17:46:29.700  INFO 22772 --- [           main] o.s.w.s.handler.SimpleUrlHandlerMapping  : Mapped URL path [/**] onto handler of type [class org.springframework.web.servlet.resource.ResourceHttpRequestHandler]
2019-02-09 17:46:29.964  INFO 22772 --- [           main] o.s.b.t.m.w.SpringBootMockServletContext : Initializing Spring FrameworkServlet ''
2019-02-09 17:46:29.964  INFO 22772 --- [           main] o.s.t.web.servlet.TestDispatcherServlet  : FrameworkServlet '': initialization started
2019-02-09 17:46:29.986  INFO 22772 --- [           main] o.s.t.web.servlet.TestDispatcherServlet  : FrameworkServlet '': initialization completed in 22 ms
2019-02-09 17:46:30.040  INFO 22772 --- [           main] hello.GreetingControllerTests            : Started GreetingControllerTests in 4.685 seconds (JVM running for 5.883)
2019-02-09 17:46:30.091  INFO 22772 --- [           main] org.mongodb.driver.cluster               : Cluster description not yet available. Waiting for 30000 ms before timing out
2019-02-09 17:47:00.100  INFO 22772 --- [           main] ConditionEvaluationReportLoggingListener : 

Error starting ApplicationContext. To display the conditions report re-run your application with 'debug' enabled.
2019-02-09 17:47:00.111 ERROR 22772 --- [           main] o.s.boot.SpringApplication               : Application run failed

java.lang.IllegalStateException: Failed to execute CommandLineRunner
	at org.springframework.boot.SpringApplication.callRunner(SpringApplication.java:821) ~[spring-boot-2.0.5.RELEASE.jar:2.0.5.RELEASE]
	at org.springframework.boot.SpringApplication.callRunners(SpringApplication.java:802) ~[spring-boot-2.0.5.RELEASE.jar:2.0.5.RELEASE]
	at org.springframework.boot.SpringApplication.run(SpringApplication.java:341) ~[spring-boot-2.0.5.RELEASE.jar:2.0.5.RELEASE]
	at org.springframework.boot.test.context.SpringBootContextLoader.loadContext(SpringBootContextLoader.java:139) [spring-boot-test-2.0.5.RELEASE.jar:2.0.5.RELEASE]
	at org.springframework.test.context.cache.DefaultCacheAwareContextLoaderDelegate.loadContextInternal(DefaultCacheAwareContextLoaderDelegate.java:99) [spring-test-5.0.9.RELEASE.jar:5.0.9.RELEASE]
	at org.springframework.test.context.cache.DefaultCacheAwareContextLoaderDelegate.loadContext(DefaultCacheAwareContextLoaderDelegate.java:117) [spring-test-5.0.9.RELEASE.jar:5.0.9.RELEASE]
	at org.springframework.test.context.support.DefaultTestContext.getApplicationContext(DefaultTestContext.java:108) [spring-test-5.0.9.RELEASE.jar:5.0.9.RELEASE]
	at org.springframework.test.context.web.ServletTestExecutionListener.setUpRequestContextIfNecessary(ServletTestExecutionListener.java:190) [spring-test-5.0.9.RELEASE.jar:5.0.9.RELEASE]
	at org.springframework.test.context.web.ServletTestExecutionListener.prepareTestInstance(ServletTestExecutionListener.java:132) [spring-test-5.0.9.RELEASE.jar:5.0.9.RELEASE]
	at org.springframework.test.context.TestContextManager.prepareTestInstance(TestContextManager.java:246) [spring-test-5.0.9.RELEASE.jar:5.0.9.RELEASE]
	at org.springframework.test.context.junit4.SpringJUnit4ClassRunner.createTest(SpringJUnit4ClassRunner.java:227) [spring-test-5.0.9.RELEASE.jar:5.0.9.RELEASE]
	at org.springframework.test.context.junit4.SpringJUnit4ClassRunner$1.runReflectiveCall(SpringJUnit4ClassRunner.java:289) [spring-test-5.0.9.RELEASE.jar:5.0.9.RELEASE]
	at org.junit.internal.runners.model.ReflectiveCallable.run(ReflectiveCallable.java:12) [junit-4.12.jar:4.12]
	at org.springframework.test.context.junit4.SpringJUnit4ClassRunner.methodBlock(SpringJUnit4ClassRunner.java:291) [spring-test-5.0.9.RELEASE.jar:5.0.9.RELEASE]
	at org.springframework.test.context.junit4.SpringJUnit4ClassRunner.runChild(SpringJUnit4ClassRunner.java:246) [spring-test-5.0.9.RELEASE.jar:5.0.9.RELEASE]
	at org.springframework.test.context.junit4.SpringJUnit4ClassRunner.runChild(SpringJUnit4ClassRunner.java:97) [spring-test-5.0.9.RELEASE.jar:5.0.9.RELEASE]
	at org.junit.runners.ParentRunner$3.run(ParentRunner.java:290) [junit-4.12.jar:4.12]
	at org.junit.runners.ParentRunner$1.schedule(ParentRunner.java:71) [junit-4.12.jar:4.12]
	at org.junit.runners.ParentRunner.runChildren(ParentRunner.java:288) [junit-4.12.jar:4.12]
	at org.junit.runners.ParentRunner.access$000(ParentRunner.java:58) [junit-4.12.jar:4.12]
	at org.junit.runners.ParentRunner$2.evaluate(ParentRunner.java:268) [junit-4.12.jar:4.12]
	at org.springframework.test.context.junit4.statements.RunBeforeTestClassCallbacks.evaluate(RunBeforeTestClassCallbacks.java:61) [spring-test-5.0.9.RELEASE.jar:5.0.9.RELEASE]
	at org.springframework.test.context.junit4.statements.RunAfterTestClassCallbacks.evaluate(RunAfterTestClassCallbacks.java:70) [spring-test-5.0.9.RELEASE.jar:5.0.9.RELEASE]
	at org.junit.runners.ParentRunner.run(ParentRunner.java:363) [junit-4.12.jar:4.12]
	at org.springframework.test.context.junit4.SpringJUnit4ClassRunner.run(SpringJUnit4ClassRunner.java:190) [spring-test-5.0.9.RELEASE.jar:5.0.9.RELEASE]
	at org.apache.maven.surefire.junit4.JUnit4Provider.execute(JUnit4Provider.java:365) [surefire-junit4-2.21.0.jar:2.21.0]
	at org.apache.maven.surefire.junit4.JUnit4Provider.executeWithRerun(JUnit4Provider.java:273) [surefire-junit4-2.21.0.jar:2.21.0]
	at org.apache.maven.surefire.junit4.JUnit4Provider.executeTestSet(JUnit4Provider.java:238) [surefire-junit4-2.21.0.jar:2.21.0]
	at org.apache.maven.surefire.junit4.JUnit4Provider.invoke(JUnit4Provider.java:159) [surefire-junit4-2.21.0.jar:2.21.0]
	at org.apache.maven.surefire.booter.ForkedBooter.invokeProviderInSameClassLoader(ForkedBooter.java:379) [surefire-booter-2.21.0.jar:2.21.0]
	at org.apache.maven.surefire.booter.ForkedBooter.runSuitesInProcess(ForkedBooter.java:340) [surefire-booter-2.21.0.jar:2.21.0]
	at org.apache.maven.surefire.booter.ForkedBooter.execute(ForkedBooter.java:125) [surefire-booter-2.21.0.jar:2.21.0]
	at org.apache.maven.surefire.booter.ForkedBooter.main(ForkedBooter.java:413) [surefire-booter-2.21.0.jar:2.21.0]
Caused by: org.springframework.dao.DataAccessResourceFailureException: Timed out after 30000 ms while waiting to connect. Client view of cluster state is {type=UNKNOWN, servers=[{address=localhost:27017, type=UNKNOWN, state=CONNECTING, exception={com.mongodb.MongoSocketOpenException: Exception opening socket}, caused by {java.net.ConnectException: Connection refused: connect}}]; nested exception is com.mongodb.MongoTimeoutException: Timed out after 30000 ms while waiting to connect. Client view of cluster state is {type=UNKNOWN, servers=[{address=localhost:27017, type=UNKNOWN, state=CONNECTING, exception={com.mongodb.MongoSocketOpenException: Exception opening socket}, caused by {java.net.ConnectException: Connection refused: connect}}]
	at org.springframework.data.mongodb.core.MongoExceptionTranslator.translateExceptionIfPossible(MongoExceptionTranslator.java:88) ~[spring-data-mongodb-2.0.10.RELEASE.jar:2.0.10.RELEASE]
	at org.springframework.data.mongodb.core.MongoTemplate.potentiallyConvertRuntimeException(MongoTemplate.java:2607) ~[spring-data-mongodb-2.0.10.RELEASE.jar:2.0.10.RELEASE]
	at org.springframework.data.mongodb.core.MongoTemplate.execute(MongoTemplate.java:527) ~[spring-data-mongodb-2.0.10.RELEASE.jar:2.0.10.RELEASE]
	at org.springframework.data.mongodb.core.MongoTemplate.doRemove(MongoTemplate.java:1593) ~[spring-data-mongodb-2.0.10.RELEASE.jar:2.0.10.RELEASE]
	at org.springframework.data.mongodb.core.MongoTemplate.remove(MongoTemplate.java:1569) ~[spring-data-mongodb-2.0.10.RELEASE.jar:2.0.10.RELEASE]
	at org.springframework.data.mongodb.repository.support.SimpleMongoRepository.deleteAll(SimpleMongoRepository.java:188) ~[spring-data-mongodb-2.0.10.RELEASE.jar:2.0.10.RELEASE]
	at sun.reflect.NativeMethodAccessorImpl.invoke0(Native Method) ~[na:1.8.0_181]
	at sun.reflect.NativeMethodAccessorImpl.invoke(Unknown Source) ~[na:1.8.0_181]
	at sun.reflect.DelegatingMethodAccessorImpl.invoke(Unknown Source) ~[na:1.8.0_181]
	at java.lang.reflect.Method.invoke(Unknown Source) ~[na:1.8.0_181]
	at org.springframework.data.repository.core.support.RepositoryComposition$RepositoryFragments.invoke(RepositoryComposition.java:377) ~[spring-data-commons-2.0.10.RELEASE.jar:2.0.10.RELEASE]
	at org.springframework.data.repository.core.support.RepositoryComposition.invoke(RepositoryComposition.java:200) ~[spring-data-commons-2.0.10.RELEASE.jar:2.0.10.RELEASE]
	at org.springframework.data.repository.core.support.RepositoryFactorySupport$ImplementationMethodExecutionInterceptor.invoke(RepositoryFactorySupport.java:641) ~[spring-data-commons-2.0.10.RELEASE.jar:2.0.10.RELEASE]
	at org.springframework.aop.framework.ReflectiveMethodInvocation.proceed(ReflectiveMethodInvocation.java:185) ~[spring-aop-5.0.9.RELEASE.jar:5.0.9.RELEASE]
	at org.springframework.data.repository.core.support.RepositoryFactorySupport$QueryExecutorMethodInterceptor.doInvoke(RepositoryFactorySupport.java:605) ~[spring-data-commons-2.0.10.RELEASE.jar:2.0.10.RELEASE]
	at org.springframework.data.repository.core.support.RepositoryFactorySupport$QueryExecutorMethodInterceptor.invoke(RepositoryFactorySupport.java:590) ~[spring-data-commons-2.0.10.RELEASE.jar:2.0.10.RELEASE]
	at org.springframework.aop.framework.ReflectiveMethodInvocation.proceed(ReflectiveMethodInvocation.java:185) ~[spring-aop-5.0.9.RELEASE.jar:5.0.9.RELEASE]
	at org.springframework.data.projection.DefaultMethodInvokingMethodInterceptor.invoke(DefaultMethodInvokingMethodInterceptor.java:59) ~[spring-data-commons-2.0.10.RELEASE.jar:2.0.10.RELEASE]
	at org.springframework.aop.framework.ReflectiveMethodInvocation.proceed(ReflectiveMethodInvocation.java:185) ~[spring-aop-5.0.9.RELEASE.jar:5.0.9.RELEASE]
	at org.springframework.aop.interceptor.ExposeInvocationInterceptor.invoke(ExposeInvocationInterceptor.java:92) ~[spring-aop-5.0.9.RELEASE.jar:5.0.9.RELEASE]
	at org.springframework.aop.framework.ReflectiveMethodInvocation.proceed(ReflectiveMethodInvocation.java:185) ~[spring-aop-5.0.9.RELEASE.jar:5.0.9.RELEASE]
	at org.springframework.data.repository.core.support.SurroundingTransactionDetectorMethodInterceptor.invoke(SurroundingTransactionDetectorMethodInterceptor.java:61) ~[spring-data-commons-2.0.10.RELEASE.jar:2.0.10.RELEASE]
	at org.springframework.aop.framework.ReflectiveMethodInvocation.proceed(ReflectiveMethodInvocation.java:185) ~[spring-aop-5.0.9.RELEASE.jar:5.0.9.RELEASE]
	at org.springframework.aop.framework.JdkDynamicAopProxy.invoke(JdkDynamicAopProxy.java:212) ~[spring-aop-5.0.9.RELEASE.jar:5.0.9.RELEASE]
	at com.sun.proxy.$Proxy75.deleteAll(Unknown Source) ~[na:na]
	at hello.Application.run(Application.java:21) ~[classes/:na]
	at org.springframework.boot.SpringApplication.callRunner(SpringApplication.java:818) ~[spring-boot-2.0.5.RELEASE.jar:2.0.5.RELEASE]
	... 32 common frames omitted
Caused by: com.mongodb.MongoTimeoutException: Timed out after 30000 ms while waiting to connect. Client view of cluster state is {type=UNKNOWN, servers=[{address=localhost:27017, type=UNKNOWN, state=CONNECTING, exception={com.mongodb.MongoSocketOpenException: Exception opening socket}, caused by {java.net.ConnectException: Connection refused: connect}}]
	at com.mongodb.connection.BaseCluster.getDescription(BaseCluster.java:167) ~[mongodb-driver-core-3.6.4.jar:na]
	at com.mongodb.Mongo.getConnectedClusterDescription(Mongo.java:885) ~[mongodb-driver-3.6.4.jar:na]
	at com.mongodb.Mongo.createClientSession(Mongo.java:877) ~[mongodb-driver-3.6.4.jar:na]
	at com.mongodb.Mongo$3.getClientSession(Mongo.java:866) ~[mongodb-driver-3.6.4.jar:na]
	at com.mongodb.Mongo$3.execute(Mongo.java:834) ~[mongodb-driver-3.6.4.jar:na]
	at com.mongodb.MongoCollectionImpl.executeSingleWriteRequest(MongoCollectionImpl.java:1025) ~[mongodb-driver-3.6.4.jar:na]
	at com.mongodb.MongoCollectionImpl.executeDelete(MongoCollectionImpl.java:1003) ~[mongodb-driver-3.6.4.jar:na]
	at com.mongodb.MongoCollectionImpl.deleteMany(MongoCollectionImpl.java:584) ~[mongodb-driver-3.6.4.jar:na]
	at org.springframework.data.mongodb.core.MongoTemplate$11.doInCollection(MongoTemplate.java:1631) ~[spring-data-mongodb-2.0.10.RELEASE.jar:2.0.10.RELEASE]
	at org.springframework.data.mongodb.core.MongoTemplate$11.doInCollection(MongoTemplate.java:1593) ~[spring-data-mongodb-2.0.10.RELEASE.jar:2.0.10.RELEASE]
	at org.springframework.data.mongodb.core.MongoTemplate.execute(MongoTemplate.java:525) ~[spring-data-mongodb-2.0.10.RELEASE.jar:2.0.10.RELEASE]
	... 56 common frames omitted

2019-02-09 17:47:00.117  INFO 22772 --- [           main] o.s.w.c.s.GenericWebApplicationContext   : Closing org.springframework.web.context.support.GenericWebApplicationContext@70ed52de: startup date [Sat Feb 09 17:46:25 EET 2019]; root of context hierarchy
2019-02-09 17:47:00.133 ERROR 22772 --- [           main] o.s.test.context.TestContextManager      : Caught exception while allowing TestExecutionListener [org.springframework.test.context.web.ServletTestExecutionListener@22fcf7ab] to prepare test instance [hello.GreetingControllerTests@715b886f]

java.lang.IllegalStateException: Failed to load ApplicationContext
	at org.springframework.test.context.cache.DefaultCacheAwareContextLoaderDelegate.loadContext(DefaultCacheAwareContextLoaderDelegate.java:125) ~[spring-test-5.0.9.RELEASE.jar:5.0.9.RELEASE]
	at org.springframework.test.context.support.DefaultTestContext.getApplicationContext(DefaultTestContext.java:108) ~[spring-test-5.0.9.RELEASE.jar:5.0.9.RELEASE]
	at org.springframework.test.context.web.ServletTestExecutionListener.setUpRequestContextIfNecessary(ServletTestExecutionListener.java:190) ~[spring-test-5.0.9.RELEASE.jar:5.0.9.RELEASE]
	at org.springframework.test.context.web.ServletTestExecutionListener.prepareTestInstance(ServletTestExecutionListener.java:132) ~[spring-test-5.0.9.RELEASE.jar:5.0.9.RELEASE]
	at org.springframework.test.context.TestContextManager.prepareTestInstance(TestContextManager.java:246) ~[spring-test-5.0.9.RELEASE.jar:5.0.9.RELEASE]
	at org.springframework.test.context.junit4.SpringJUnit4ClassRunner.createTest(SpringJUnit4ClassRunner.java:227) [spring-test-5.0.9.RELEASE.jar:5.0.9.RELEASE]
	at org.springframework.test.context.junit4.SpringJUnit4ClassRunner$1.runReflectiveCall(SpringJUnit4ClassRunner.java:289) [spring-test-5.0.9.RELEASE.jar:5.0.9.RELEASE]
	at org.junit.internal.runners.model.ReflectiveCallable.run(ReflectiveCallable.java:12) [junit-4.12.jar:4.12]
	at org.springframework.test.context.junit4.SpringJUnit4ClassRunner.methodBlock(SpringJUnit4ClassRunner.java:291) [spring-test-5.0.9.RELEASE.jar:5.0.9.RELEASE]
	at org.springframework.test.context.junit4.SpringJUnit4ClassRunner.runChild(SpringJUnit4ClassRunner.java:246) [spring-test-5.0.9.RELEASE.jar:5.0.9.RELEASE]
	at org.springframework.test.context.junit4.SpringJUnit4ClassRunner.runChild(SpringJUnit4ClassRunner.java:97) [spring-test-5.0.9.RELEASE.jar:5.0.9.RELEASE]
	at org.junit.runners.ParentRunner$3.run(ParentRunner.java:290) [junit-4.12.jar:4.12]
	at org.junit.runners.ParentRunner$1.schedule(ParentRunner.java:71) [junit-4.12.jar:4.12]
	at org.junit.runners.ParentRunner.runChildren(ParentRunner.java:288) [junit-4.12.jar:4.12]
	at org.junit.runners.ParentRunner.access$000(ParentRunner.java:58) [junit-4.12.jar:4.12]
	at org.junit.runners.ParentRunner$2.evaluate(ParentRunner.java:268) [junit-4.12.jar:4.12]
	at org.springframework.test.context.junit4.statements.RunBeforeTestClassCallbacks.evaluate(RunBeforeTestClassCallbacks.java:61) [spring-test-5.0.9.RELEASE.jar:5.0.9.RELEASE]
	at org.springframework.test.context.junit4.statements.RunAfterTestClassCallbacks.evaluate(RunAfterTestClassCallbacks.java:70) [spring-test-5.0.9.RELEASE.jar:5.0.9.RELEASE]
	at org.junit.runners.ParentRunner.run(ParentRunner.java:363) [junit-4.12.jar:4.12]
	at org.springframework.test.context.junit4.SpringJUnit4ClassRunner.run(SpringJUnit4ClassRunner.java:190) [spring-test-5.0.9.RELEASE.jar:5.0.9.RELEASE]
	at org.apache.maven.surefire.junit4.JUnit4Provider.execute(JUnit4Provider.java:365) [surefire-junit4-2.21.0.jar:2.21.0]
	at org.apache.maven.surefire.junit4.JUnit4Provider.executeWithRerun(JUnit4Provider.java:273) [surefire-junit4-2.21.0.jar:2.21.0]
	at org.apache.maven.surefire.junit4.JUnit4Provider.executeTestSet(JUnit4Provider.java:238) [surefire-junit4-2.21.0.jar:2.21.0]
	at org.apache.maven.surefire.junit4.JUnit4Provider.invoke(JUnit4Provider.java:159) [surefire-junit4-2.21.0.jar:2.21.0]
	at org.apache.maven.surefire.booter.ForkedBooter.invokeProviderInSameClassLoader(ForkedBooter.java:379) [surefire-booter-2.21.0.jar:2.21.0]
	at org.apache.maven.surefire.booter.ForkedBooter.runSuitesInProcess(ForkedBooter.java:340) [surefire-booter-2.21.0.jar:2.21.0]
	at org.apache.maven.surefire.booter.ForkedBooter.execute(ForkedBooter.java:125) [surefire-booter-2.21.0.jar:2.21.0]
	at org.apache.maven.surefire.booter.ForkedBooter.main(ForkedBooter.java:413) [surefire-booter-2.21.0.jar:2.21.0]
Caused by: java.lang.IllegalStateException: Failed to execute CommandLineRunner
	at org.springframework.boot.SpringApplication.callRunner(SpringApplication.java:821) ~[spring-boot-2.0.5.RELEASE.jar:2.0.5.RELEASE]
	at org.springframework.boot.SpringApplication.callRunners(SpringApplication.java:802) ~[spring-boot-2.0.5.RELEASE.jar:2.0.5.RELEASE]
	at org.springframework.boot.SpringApplication.run(SpringApplication.java:341) ~[spring-boot-2.0.5.RELEASE.jar:2.0.5.RELEASE]
	at org.springframework.boot.test.context.SpringBootContextLoader.loadContext(SpringBootContextLoader.java:139) ~[spring-boot-test-2.0.5.RELEASE.jar:2.0.5.RELEASE]
	at org.springframework.test.context.cache.DefaultCacheAwareContextLoaderDelegate.loadContextInternal(DefaultCacheAwareContextLoaderDelegate.java:99) ~[spring-test-5.0.9.RELEASE.jar:5.0.9.RELEASE]
	at org.springframework.test.context.cache.DefaultCacheAwareContextLoaderDelegate.loadContext(DefaultCacheAwareContextLoaderDelegate.java:117) ~[spring-test-5.0.9.RELEASE.jar:5.0.9.RELEASE]
	... 27 common frames omitted
[...]
	at org.springframework.test.context.junit4.statements.RunAfterTestClassCallbacks.evaluate(RunAfterTestClassCallbacks.java:70) [spring-test-5.0.9.RELEASE.jar:5.0.9.RELEASE]
	at org.junit.runners.ParentRunner.run(ParentRunner.java:363) [junit-4.12.jar:4.12]
	at org.springframework.test.context.junit4.SpringJUnit4ClassRunner.run(SpringJUnit4ClassRunner.java:190) [spring-test-5.0.9.RELEASE.jar:5.0.9.RELEASE]
	at org.apache.maven.surefire.junit4.JUnit4Provider.execute(JUnit4Provider.java:365) [surefire-junit4-2.21.0.jar:2.21.0]
	at org.apache.maven.surefire.junit4.JUnit4Provider.executeWithRerun(JUnit4Provider.java:273) [surefire-junit4-2.21.0.jar:2.21.0]
	at org.apache.maven.surefire.junit4.JUnit4Provider.executeTestSet(JUnit4Provider.java:238) [surefire-junit4-2.21.0.jar:2.21.0]
	at org.apache.maven.surefire.junit4.JUnit4Provider.invoke(JUnit4Provider.java:159) [surefire-junit4-2.21.0.jar:2.21.0]
	at org.apache.maven.surefire.booter.ForkedBooter.invokeProviderInSameClassLoader(ForkedBooter.java:379) [surefire-booter-2.21.0.jar:2.21.0]
	at org.apache.maven.surefire.booter.ForkedBooter.runSuitesInProcess(ForkedBooter.java:340) [surefire-booter-2.21.0.jar:2.21.0]
	at org.apache.maven.surefire.booter.ForkedBooter.execute(ForkedBooter.java:125) [surefire-booter-2.21.0.jar:2.21.0]
	at org.apache.maven.surefire.booter.ForkedBooter.main(ForkedBooter.java:413) [surefire-booter-2.21.0.jar:2.21.0]
Caused by: org.springframework.dao.DataAccessResourceFailureException: Timed out after 30000 ms while waiting to connect. Client view of cluster state is {type=UNKNOWN, servers=[{address=localhost:27017, type=UNKNOWN, state=CONNECTING, exception={com.mongodb.MongoSocketOpenException: Exception opening socket}, caused by {java.net.ConnectException: Connection refused: connect}}]; nested exception is com.mongodb.MongoTimeoutException: Timed out after 30000 ms while waiting to connect. Client view of cluster state is {type=UNKNOWN, servers=[{address=localhost:27017, type=UNKNOWN, state=CONNECTING, exception={com.mongodb.MongoSocketOpenException: Exception opening socket}, caused by {java.net.ConnectException: Connection refused: connect}}]
	at org.springframework.data.mongodb.core.MongoExceptionTranslator.translateExceptionIfPossible(MongoExceptionTranslator.java:88) ~[spring-data-mongodb-2.0.10.RELEASE.jar:2.0.10.RELEASE]
	at org.springframework.data.mongodb.core.MongoTemplate.potentiallyConvertRuntimeException(MongoTemplate.java:2607) ~[spring-data-mongodb-2.0.10.RELEASE.jar:2.0.10.RELEASE]
	at org.springframework.data.mongodb.core.MongoTemplate.execute(MongoTemplate.java:527) ~[spring-data-mongodb-2.0.10.RELEASE.jar:2.0.10.RELEASE]
	at org.springframework.data.mongodb.core.MongoTemplate.doRemove(MongoTemplate.java:1593) ~[spring-data-mongodb-2.0.10.RELEASE.jar:2.0.10.RELEASE]
	at org.springframework.data.mongodb.core.MongoTemplate.remove(MongoTemplate.java:1569) ~[spring-data-mongodb-2.0.10.RELEASE.jar:2.0.10.RELEASE]
	at org.springframework.data.mongodb.repository.support.SimpleMongoRepository.deleteAll(SimpleMongoRepository.java:188) ~[spring-data-mongodb-2.0.10.RELEASE.jar:2.0.10.RELEASE]
	at sun.reflect.NativeMethodAccessorImpl.invoke0(Native Method) ~[na:1.8.0_181]
	at sun.reflect.NativeMethodAccessorImpl.invoke(Unknown Source) ~[na:1.8.0_181]
	at sun.reflect.DelegatingMethodAccessorImpl.invoke(Unknown Source) ~[na:1.8.0_181]
	at java.lang.reflect.Method.invoke(Unknown Source) ~[na:1.8.0_181]
	at org.springframework.data.repository.core.support.RepositoryComposition$RepositoryFragments.invoke(RepositoryComposition.java:377) ~[spring-data-commons-2.0.10.RELEASE.jar:2.0.10.RELEASE]
	at org.springframework.data.repository.core.support.RepositoryComposition.invoke(RepositoryComposition.java:200) ~[spring-data-commons-2.0.10.RELEASE.jar:2.0.10.RELEASE]
	at org.springframework.data.repository.core.support.RepositoryFactorySupport$ImplementationMethodExecutionInterceptor.invoke(RepositoryFactorySupport.java:641) ~[spring-data-commons-2.0.10.RELEASE.jar:2.0.10.RELEASE]
	at org.springframework.aop.framework.ReflectiveMethodInvocation.proceed(ReflectiveMethodInvocation.java:185) ~[spring-aop-5.0.9.RELEASE.jar:5.0.9.RELEASE]
	at org.springframework.data.repository.core.support.RepositoryFactorySupport$QueryExecutorMethodInterceptor.doInvoke(RepositoryFactorySupport.java:605) ~[spring-data-commons-2.0.10.RELEASE.jar:2.0.10.RELEASE]
	at org.springframework.data.repository.core.support.RepositoryFactorySupport$QueryExecutorMethodInterceptor.invoke(RepositoryFactorySupport.java:590) ~[spring-data-commons-2.0.10.RELEASE.jar:2.0.10.RELEASE]
	at org.springframework.aop.framework.ReflectiveMethodInvocation.proceed(ReflectiveMethodInvocation.java:185) ~[spring-aop-5.0.9.RELEASE.jar:5.0.9.RELEASE]
	at org.springframework.data.projection.DefaultMethodInvokingMethodInterceptor.invoke(DefaultMethodInvokingMethodInterceptor.java:59) ~[spring-data-commons-2.0.10.RELEASE.jar:2.0.10.RELEASE]
	at org.springframework.aop.framework.ReflectiveMethodInvocation.proceed(ReflectiveMethodInvocation.java:185) ~[spring-aop-5.0.9.RELEASE.jar:5.0.9.RELEASE]
	at org.springframework.aop.interceptor.ExposeInvocationInterceptor.invoke(ExposeInvocationInterceptor.java:92) ~[spring-aop-5.0.9.RELEASE.jar:5.0.9.RELEASE]
	at org.springframework.aop.framework.ReflectiveMethodInvocation.proceed(ReflectiveMethodInvocation.java:185) ~[spring-aop-5.0.9.RELEASE.jar:5.0.9.RELEASE]
	at org.springframework.data.repository.core.support.SurroundingTransactionDetectorMethodInterceptor.invoke(SurroundingTransactionDetectorMethodInterceptor.java:61) ~[spring-data-commons-2.0.10.RELEASE.jar:2.0.10.RELEASE]
	at org.springframework.aop.framework.ReflectiveMethodInvocation.proceed(ReflectiveMethodInvocation.java:185) ~[spring-aop-5.0.9.RELEASE.jar:5.0.9.RELEASE]
	at org.springframework.aop.framework.JdkDynamicAopProxy.invoke(JdkDynamicAopProxy.java:212) ~[spring-aop-5.0.9.RELEASE.jar:5.0.9.RELEASE]
	at com.sun.proxy.$Proxy75.deleteAll(Unknown Source) ~[na:na]
	at hello.Application.run(Application.java:21) ~[classes/:na]
	at org.springframework.boot.SpringApplication.callRunner(SpringApplication.java:818) ~[spring-boot-2.0.5.RELEASE.jar:2.0.5.RELEASE]
	... 32 common frames omitted
Caused by: com.mongodb.MongoTimeoutException: Timed out after 30000 ms while waiting to connect. Client view of cluster state is {type=UNKNOWN, servers=[{address=localhost:27017, type=UNKNOWN, state=CONNECTING, exception={com.mongodb.MongoSocketOpenException: Exception opening socket}, caused by {java.net.ConnectException: Connection refused: connect}}]
	at com.mongodb.connection.BaseCluster.getDescription(BaseCluster.java:167) ~[mongodb-driver-core-3.6.4.jar:na]
	at com.mongodb.Mongo.getConnectedClusterDescription(Mongo.java:885) ~[mongodb-driver-3.6.4.jar:na]
	at com.mongodb.Mongo.createClientSession(Mongo.java:877) ~[mongodb-driver-3.6.4.jar:na]
	at com.mongodb.Mongo$3.getClientSession(Mongo.java:866) ~[mongodb-driver-3.6.4.jar:na]
	at com.mongodb.Mongo$3.execute(Mongo.java:834) ~[mongodb-driver-3.6.4.jar:na]
	at com.mongodb.MongoCollectionImpl.executeSingleWriteRequest(MongoCollectionImpl.java:1025) ~[mongodb-driver-3.6.4.jar:na]
	at com.mongodb.MongoCollectionImpl.executeDelete(MongoCollectionImpl.java:1003) ~[mongodb-driver-3.6.4.jar:na]
	at com.mongodb.MongoCollectionImpl.deleteMany(MongoCollectionImpl.java:584) ~[mongodb-driver-3.6.4.jar:na]
	at org.springframework.data.mongodb.core.MongoTemplate$11.doInCollection(MongoTemplate.java:1631) ~[spring-data-mongodb-2.0.10.RELEASE.jar:2.0.10.RELEASE]
	at org.springframework.data.mongodb.core.MongoTemplate$11.doInCollection(MongoTemplate.java:1593) ~[spring-data-mongodb-2.0.10.RELEASE.jar:2.0.10.RELEASE]
	at org.springframework.data.mongodb.core.MongoTemplate.execute(MongoTemplate.java:525) ~[spring-data-mongodb-2.0.10.RELEASE.jar:2.0.10.RELEASE]
	... 56 common frames omitted

2019-02-09 17:47:31.320  INFO 22772 --- [           main] o.s.w.c.s.GenericWebApplicationContext   : Closing org.springframework.web.context.support.GenericWebApplicationContext@68b9834c: startup date [Sat Feb 09 17:47:00 EET 2019]; root of context hierarchy
2019-02-09 17:47:31.330 ERROR 22772 --- [           main] o.s.test.context.TestContextManager      : Caught exception while allowing TestExecutionListener [org.springframework.test.context.web.ServletTestExecutionListener@22fcf7ab] to prepare test instance [hello.GreetingControllerTests@5b275811]

java.lang.IllegalStateException: Failed to load ApplicationContext
	at org.springframework.test.context.cache.DefaultCacheAwareContextLoaderDelegate.loadContext(DefaultCacheAwareContextLoaderDelegate.java:125) ~[spring-test-5.0.9.RELEASE.jar:5.0.9.RELEASE]
	at org.springframework.test.context.support.DefaultTestContext.getApplicationContext(DefaultTestContext.java:108) ~[spring-test-5.0.9.RELEASE.jar:5.0.9.RELEASE]
	at org.springframework.test.context.web.ServletTestExecutionListener.setUpRequestContextIfNecessary(ServletTestExecutionListener.java:190) ~[spring-test-5.0.9.RELEASE.jar:5.0.9.RELEASE]
	at org.springframework.test.context.web.ServletTestExecutionListener.prepareTestInstance(ServletTestExecutionListener.java:132) ~[spring-test-5.0.9.RELEASE.jar:5.0.9.RELEASE]
	at org.springframework.test.context.TestContextManager.prepareTestInstance(TestContextManager.java:246) ~[spring-test-5.0.9.RELEASE.jar:5.0.9.RELEASE]
	at org.springframework.test.context.junit4.SpringJUnit4ClassRunner.createTest(SpringJUnit4ClassRunner.java:227) [spring-test-5.0.9.RELEASE.jar:5.0.9.RELEASE]
	at org.springframework.test.context.junit4.SpringJUnit4ClassRunner$1.runReflectiveCall(SpringJUnit4ClassRunner.java:289) [spring-test-5.0.9.RELEASE.jar:5.0.9.RELEASE]
	at org.junit.internal.runners.model.ReflectiveCallable.run(ReflectiveCallable.java:12) [junit-4.12.jar:4.12]
	at org.springframework.test.context.junit4.SpringJUnit4ClassRunner.methodBlock(SpringJUnit4ClassRunner.java:291) [spring-test-5.0.9.RELEASE.jar:5.0.9.RELEASE]
	at org.springframework.test.context.junit4.SpringJUnit4ClassRunner.runChild(SpringJUnit4ClassRunner.java:246) [spring-test-5.0.9.RELEASE.jar:5.0.9.RELEASE]
	at org.springframework.test.context.junit4.SpringJUnit4ClassRunner.runChild(SpringJUnit4ClassRunner.java:97) [spring-test-5.0.9.RELEASE.jar:5.0.9.RELEASE]
	at org.junit.runners.ParentRunner$3.run(ParentRunner.java:290) [junit-4.12.jar:4.12]
	at org.junit.runners.ParentRunner$1.schedule(ParentRunner.java:71) [junit-4.12.jar:4.12]
	at org.junit.runners.ParentRunner.runChildren(ParentRunner.java:288) [junit-4.12.jar:4.12]
	at org.junit.runners.ParentRunner.access$000(ParentRunner.java:58) [junit-4.12.jar:4.12]
	at org.junit.runners.ParentRunner$2.evaluate(ParentRunner.java:268) [junit-4.12.jar:4.12]
	at org.springframework.test.context.junit4.statements.RunBeforeTestClassCallbacks.evaluate(RunBeforeTestClassCallbacks.java:61) [spring-test-5.0.9.RELEASE.jar:5.0.9.RELEASE]
	at org.springframework.test.context.junit4.statements.RunAfterTestClassCallbacks.evaluate(RunAfterTestClassCallbacks.java:70) [spring-test-5.0.9.RELEASE.jar:5.0.9.RELEASE]
	at org.junit.runners.ParentRunner.run(ParentRunner.java:363) [junit-4.12.jar:4.12]
	at org.springframework.test.context.junit4.SpringJUnit4ClassRunner.run(SpringJUnit4ClassRunner.java:190) [spring-test-5.0.9.RELEASE.jar:5.0.9.RELEASE]
	at org.apache.maven.surefire.junit4.JUnit4Provider.execute(JUnit4Provider.java:365) [surefire-junit4-2.21.0.jar:2.21.0]
	at org.apache.maven.surefire.junit4.JUnit4Provider.executeWithRerun(JUnit4Provider.java:273) [surefire-junit4-2.21.0.jar:2.21.0]
	at org.apache.maven.surefire.junit4.JUnit4Provider.executeTestSet(JUnit4Provider.java:238) [surefire-junit4-2.21.0.jar:2.21.0]
	at org.apache.maven.surefire.junit4.JUnit4Provider.invoke(JUnit4Provider.java:159) [surefire-junit4-2.21.0.jar:2.21.0]
	at org.apache.maven.surefire.booter.ForkedBooter.invokeProviderInSameClassLoader(ForkedBooter.java:379) [surefire-booter-2.21.0.jar:2.21.0]
	at org.apache.maven.surefire.booter.ForkedBooter.runSuitesInProcess(ForkedBooter.java:340) [surefire-booter-2.21.0.jar:2.21.0]
	at org.apache.maven.surefire.booter.ForkedBooter.execute(ForkedBooter.java:125) [surefire-booter-2.21.0.jar:2.21.0]
	at org.apache.maven.surefire.booter.ForkedBooter.main(ForkedBooter.java:413) [surefire-booter-2.21.0.jar:2.21.0]
Caused by: java.lang.IllegalStateException: Failed to execute CommandLineRunner
	at org.springframework.boot.SpringApplication.callRunner(SpringApplication.java:821) ~[spring-boot-2.0.5.RELEASE.jar:2.0.5.RELEASE]
	at org.springframework.boot.SpringApplication.callRunners(SpringApplication.java:802) ~[spring-boot-2.0.5.RELEASE.jar:2.0.5.RELEASE]
	at org.springframework.boot.SpringApplication.run(SpringApplication.java:341) ~[spring-boot-2.0.5.RELEASE.jar:2.0.5.RELEASE]
	at org.springframework.boot.test.context.SpringBootContextLoader.loadContext(SpringBootContextLoader.java:139) ~[spring-boot-test-2.0.5.RELEASE.jar:2.0.5.RELEASE]
	at org.springframework.test.context.cache.DefaultCacheAwareContextLoaderDelegate.loadContextInternal(DefaultCacheAwareContextLoaderDelegate.java:99) ~[spring-test-5.0.9.RELEASE.jar:5.0.9.RELEASE]
	at org.springframework.test.context.cache.DefaultCacheAwareContextLoaderDelegate.loadContext(DefaultCacheAwareContextLoaderDelegate.java:117) ~[spring-test-5.0.9.RELEASE.jar:5.0.9.RELEASE]
	... 27 common frames omitted
Caused by: org.springframework.dao.DataAccessResourceFailureException: Timed out after 30000 ms while waiting to connect. Client view of cluster state is {type=UNKNOWN, servers=[{address=localhost:27017, type=UNKNOWN, state=CONNECTING, exception={com.mongodb.MongoSocketOpenException: Exception opening socket}, caused by {java.net.ConnectException: Connection refused: connect}}]; nested exception is com.mongodb.MongoTimeoutException: Timed out after 30000 ms while waiting to connect. Client view of cluster state is {type=UNKNOWN, servers=[{address=localhost:27017, type=UNKNOWN, state=CONNECTING, exception={com.mongodb.MongoSocketOpenException: Exception opening socket}, caused by {java.net.ConnectException: Connection refused: connect}}]
	at org.springframework.data.mongodb.core.MongoExceptionTranslator.translateExceptionIfPossible(MongoExceptionTranslator.java:88) ~[spring-data-mongodb-2.0.10.RELEASE.jar:2.0.10.RELEASE]
	at org.springframework.data.mongodb.core.MongoTemplate.potentiallyConvertRuntimeException(MongoTemplate.java:2607) ~[spring-data-mongodb-2.0.10.RELEASE.jar:2.0.10.RELEASE]
	at org.springframework.data.mongodb.core.MongoTemplate.execute(MongoTemplate.java:527) ~[spring-data-mongodb-2.0.10.RELEASE.jar:2.0.10.RELEASE]
	at org.springframework.data.mongodb.core.MongoTemplate.doRemove(MongoTemplate.java:1593) ~[spring-data-mongodb-2.0.10.RELEASE.jar:2.0.10.RELEASE]
	at org.springframework.data.mongodb.core.MongoTemplate.remove(MongoTemplate.java:1569) ~[spring-data-mongodb-2.0.10.RELEASE.jar:2.0.10.RELEASE]
	at org.springframework.data.mongodb.repository.support.SimpleMongoRepository.deleteAll(SimpleMongoRepository.java:188) ~[spring-data-mongodb-2.0.10.RELEASE.jar:2.0.10.RELEASE]
	at sun.reflect.NativeMethodAccessorImpl.invoke0(Native Method) ~[na:1.8.0_181]
	at sun.reflect.NativeMethodAccessorImpl.invoke(Unknown Source) ~[na:1.8.0_181]
	at sun.reflect.DelegatingMethodAccessorImpl.invoke(Unknown Source) ~[na:1.8.0_181]
	at java.lang.reflect.Method.invoke(Unknown Source) ~[na:1.8.0_181]
	at org.springframework.data.repository.core.support.RepositoryComposition$RepositoryFragments.invoke(RepositoryComposition.java:377) ~[spring-data-commons-2.0.10.RELEASE.jar:2.0.10.RELEASE]
	at org.springframework.data.repository.core.support.RepositoryComposition.invoke(RepositoryComposition.java:200) ~[spring-data-commons-2.0.10.RELEASE.jar:2.0.10.RELEASE]
	at org.springframework.data.repository.core.support.RepositoryFactorySupport$ImplementationMethodExecutionInterceptor.invoke(RepositoryFactorySupport.java:641) ~[spring-data-commons-2.0.10.RELEASE.jar:2.0.10.RELEASE]
	at org.springframework.aop.framework.ReflectiveMethodInvocation.proceed(ReflectiveMethodInvocation.java:185) ~[spring-aop-5.0.9.RELEASE.jar:5.0.9.RELEASE]
	at org.springframework.data.repository.core.support.RepositoryFactorySupport$QueryExecutorMethodInterceptor.doInvoke(RepositoryFactorySupport.java:605) ~[spring-data-commons-2.0.10.RELEASE.jar:2.0.10.RELEASE]
	at org.springframework.data.repository.core.support.RepositoryFactorySupport$QueryExecutorMethodInterceptor.invoke(RepositoryFactorySupport.java:590) ~[spring-data-commons-2.0.10.RELEASE.jar:2.0.10.RELEASE]
	at org.springframework.aop.framework.ReflectiveMethodInvocation.proceed(ReflectiveMethodInvocation.java:185) ~[spring-aop-5.0.9.RELEASE.jar:5.0.9.RELEASE]
	at org.springframework.data.projection.DefaultMethodInvokingMethodInterceptor.invoke(DefaultMethodInvokingMethodInterceptor.java:59) ~[spring-data-commons-2.0.10.RELEASE.jar:2.0.10.RELEASE]
	at org.springframework.aop.framework.ReflectiveMethodInvocation.proceed(ReflectiveMethodInvocation.java:185) ~[spring-aop-5.0.9.RELEASE.jar:5.0.9.RELEASE]
	at org.springframework.aop.interceptor.ExposeInvocationInterceptor.invoke(ExposeInvocationInterceptor.java:92) ~[spring-aop-5.0.9.RELEASE.jar:5.0.9.RELEASE]
	at org.springframework.aop.framework.ReflectiveMethodInvocation.proceed(ReflectiveMethodInvocation.java:185) ~[spring-aop-5.0.9.RELEASE.jar:5.0.9.RELEASE]
	at org.springframework.data.repository.core.support.SurroundingTransactionDetectorMethodInterceptor.invoke(SurroundingTransactionDetectorMethodInterceptor.java:61) ~[spring-data-commons-2.0.10.RELEASE.jar:2.0.10.RELEASE]
	at org.springframework.aop.framework.ReflectiveMethodInvocation.proceed(ReflectiveMethodInvocation.java:185) ~[spring-aop-5.0.9.RELEASE.jar:5.0.9.RELEASE]
	at org.springframework.aop.framework.JdkDynamicAopProxy.invoke(JdkDynamicAopProxy.java:212) ~[spring-aop-5.0.9.RELEASE.jar:5.0.9.RELEASE]
	at com.sun.proxy.$Proxy75.deleteAll(Unknown Source) ~[na:na]
	at hello.Application.run(Application.java:21) ~[classes/:na]
	at org.springframework.boot.SpringApplication.callRunner(SpringApplication.java:818) ~[spring-boot-2.0.5.RELEASE.jar:2.0.5.RELEASE]
	... 32 common frames omitted
Caused by: com.mongodb.MongoTimeoutException: Timed out after 30000 ms while waiting to connect. Client view of cluster state is {type=UNKNOWN, servers=[{address=localhost:27017, type=UNKNOWN, state=CONNECTING, exception={com.mongodb.MongoSocketOpenException: Exception opening socket}, caused by {java.net.ConnectException: Connection refused: connect}}]
	at com.mongodb.connection.BaseCluster.getDescription(BaseCluster.java:167) ~[mongodb-driver-core-3.6.4.jar:na]
	at com.mongodb.Mongo.getConnectedClusterDescription(Mongo.java:885) ~[mongodb-driver-3.6.4.jar:na]
	at com.mongodb.Mongo.createClientSession(Mongo.java:877) ~[mongodb-driver-3.6.4.jar:na]
	at com.mongodb.Mongo$3.getClientSession(Mongo.java:866) ~[mongodb-driver-3.6.4.jar:na]
	at com.mongodb.Mongo$3.execute(Mongo.java:834) ~[mongodb-driver-3.6.4.jar:na]
	at com.mongodb.MongoCollectionImpl.executeSingleWriteRequest(MongoCollectionImpl.java:1025) ~[mongodb-driver-3.6.4.jar:na]
	at com.mongodb.MongoCollectionImpl.executeDelete(MongoCollectionImpl.java:1003) ~[mongodb-driver-3.6.4.jar:na]
	at com.mongodb.MongoCollectionImpl.deleteMany(MongoCollectionImpl.java:584) ~[mongodb-driver-3.6.4.jar:na]
	at org.springframework.data.mongodb.core.MongoTemplate$11.doInCollection(MongoTemplate.java:1631) ~[spring-data-mongodb-2.0.10.RELEASE.jar:2.0.10.RELEASE]
	at org.springframework.data.mongodb.core.MongoTemplate$11.doInCollection(MongoTemplate.java:1593) ~[spring-data-mongodb-2.0.10.RELEASE.jar:2.0.10.RELEASE]
	at org.springframework.data.mongodb.core.MongoTemplate.execute(MongoTemplate.java:525) ~[spring-data-mongodb-2.0.10.RELEASE.jar:2.0.10.RELEASE]
	... 56 common frames omitted

]]></system-out>
  </testcase>
</testsuite>